#
# There is insufficient memory for the Java Runtime Environment to continue.
# Native memory allocation (malloc) failed to allocate 32744 bytes for Chunk::new
# Possible reasons:
#   The system is out of physical RAM or swap space
#   The process is running with CompressedOops enabled, and the Java Heap may be blocking the growth of the native heap
# Possible solutions:
#   Reduce memory load on the system
#   Increase physical memory or swap space
#   Check if swap backing store is full
#   Decrease Java heap size (-Xmx/-Xms)
#   Decrease number of Java threads
#   Decrease Java thread stack sizes (-Xss)
#   Set larger code cache with -XX:ReservedCodeCacheSize=
#   JVM is running with Unscaled Compressed Oops mode in which the Java heap is
#     placed in the first 4GB address space. The Java Heap base address is the
#     maximum limit for the native heap growth. Please use -XX:HeapBaseMinAddress
#     to set the Java Heap base and to place the Java Heap above 4GB virtual address.
# This output file may be truncated or incomplete.
#
#  Out of Memory Error (arena.cpp:184), pid=105820, tid=77248
#
# JRE version: Java(TM) SE Runtime Environment (20.0.2+9) (build 20.0.2+9-78)
# Java VM: Java HotSpot(TM) 64-Bit Server VM (20.0.2+9-78, mixed mode, sharing, tiered, compressed oops, compressed class ptrs, g1 gc, windows-amd64)
# No core dump will be written. Minidumps are not enabled by default on client versions of Windows
#

---------------  S U M M A R Y ------------

Command Line: -Dmaven.home=EMBEDDED -Dclassworlds.conf=C:\Users\SMILE\selenium_course\.metadata\.plugins\org.eclipse.m2e.launching\launches\m2conf14990718487526797107.tmp -Dmaven.multiModuleProjectDirectory=C:\Users\SMILE\Desktop\gitDsAlgo\dsalgoproject -Dm2e.build.project.data.socket.port=57764 -Dfile.encoding=UTF-8 -XX:+ShowCodeDetailsInExceptionMessages org.codehaus.plexus.classworlds.launcher.Launcher -B -Dstyle.color=always install

Host: Intel(R) Core(TM) i7-8550U CPU @ 1.80GHz, 8 cores, 7G,  Windows 10 , 64 bit Build 19041 (10.0.19041.5198)
Time: Thu Dec 26 17:52:51 2024 Eastern Standard Time elapsed time: 26.473136 seconds (0d 0h 0m 26s)

---------------  T H R E A D  ---------------

Current thread (0x0000016249090660):  JavaThread "C1 CompilerThread0" daemon [_thread_in_vm, id=77248, stack(0x000000540e200000,0x000000540e300000)]


Current CompileTask:
C1:  26473 8744       3       java.lang.invoke.VarHandleGuards::guard_LL_V (123 bytes)

Stack: [0x000000540e200000,0x000000540e300000]
Native frames: (J=compiled Java code, j=interpreted, Vv=VM code, C=native code)
V  [jvm.dll+0x6bc25a]
V  [jvm.dll+0x84971a]
V  [jvm.dll+0x84b315]
V  [jvm.dll+0x84ba13]
V  [jvm.dll+0x280e4f]
V  [jvm.dll+0xc2ab1]
V  [jvm.dll+0xc2dd5]
V  [jvm.dll+0x1f8234]
V  [jvm.dll+0x2016db]
V  [jvm.dll+0x201e96]
V  [jvm.dll+0x1f0001]
V  [jvm.dll+0x1efc00]
V  [jvm.dll+0x2096a1]
V  [jvm.dll+0x161c3d]
V  [jvm.dll+0x1647d7]
V  [jvm.dll+0x162cfc]
V  [jvm.dll+0x16b5e2]
V  [jvm.dll+0x16aa75]
V  [jvm.dll+0x162555]
V  [jvm.dll+0x1647d7]
V  [jvm.dll+0x162df5]
V  [jvm.dll+0x16b5e2]
V  [jvm.dll+0x16aa75]
V  [jvm.dll+0x162555]
V  [jvm.dll+0x1647d7]
V  [jvm.dll+0x162df5]
V  [jvm.dll+0x16b5e2]
V  [jvm.dll+0x16aa75]
V  [jvm.dll+0x162555]
V  [jvm.dll+0x1647d7]
V  [jvm.dll+0x162df5]
V  [jvm.dll+0x15cc4a]
V  [jvm.dll+0x16c776]
V  [jvm.dll+0x157ed0]
V  [jvm.dll+0x158253]
V  [jvm.dll+0x158514]
V  [jvm.dll+0x157956]
V  [jvm.dll+0x15968d]
V  [jvm.dll+0x25a0eb]
V  [jvm.dll+0x2587c0]
V  [jvm.dll+0x3f2dd5]
V  [jvm.dll+0x7f5c76]
V  [jvm.dll+0x6baecb]
C  [ucrtbase.dll+0x21bb2]
C  [KERNEL32.DLL+0x17374]
C  [ntdll.dll+0x4cc91]


---------------  P R O C E S S  ---------------

Threads class SMR info:
_java_thread_list=0x0000016291d59d40, length=17, elements={
0x000001622a6d8130, 0x0000016249074fe0, 0x0000016249076bf0, 0x0000016249077b50,
0x000001624907a4b0, 0x0000016249085210, 0x0000016249089050, 0x0000016249089cc0,
0x0000016249090660, 0x000001628e52fb50, 0x000001628e530b40, 0x000001629161f3c0,
0x0000016291623380, 0x0000016291625e00, 0x0000016291620e50, 0x00000162916248c0,
0x000001629161ee70
}

Java Threads: ( => current thread )
  0x000001622a6d8130 JavaThread "main" [_thread_in_native, id=103236, stack(0x000000540d400000,0x000000540d500000)]
  0x0000016249074fe0 JavaThread "Reference Handler" daemon [_thread_blocked, id=78196, stack(0x000000540db00000,0x000000540dc00000)]
  0x0000016249076bf0 JavaThread "Finalizer" daemon [_thread_blocked, id=92832, stack(0x000000540dc00000,0x000000540dd00000)]
  0x0000016249077b50 JavaThread "Signal Dispatcher" daemon [_thread_blocked, id=101692, stack(0x000000540dd00000,0x000000540de00000)]
  0x000001624907a4b0 JavaThread "Attach Listener" daemon [_thread_blocked, id=90444, stack(0x000000540de00000,0x000000540df00000)]
  0x0000016249085210 JavaThread "Service Thread" daemon [_thread_blocked, id=105552, stack(0x000000540df00000,0x000000540e000000)]
  0x0000016249089050 JavaThread "Monitor Deflation Thread" daemon [_thread_blocked, id=97576, stack(0x000000540e000000,0x000000540e100000)]
  0x0000016249089cc0 JavaThread "C2 CompilerThread0" daemon [_thread_in_native, id=101988, stack(0x000000540e100000,0x000000540e200000)]
=>0x0000016249090660 JavaThread "C1 CompilerThread0" daemon [_thread_in_vm, id=77248, stack(0x000000540e200000,0x000000540e300000)]
  0x000001628e52fb50 JavaThread "Notification Thread" daemon [_thread_blocked, id=99008, stack(0x000000540e300000,0x000000540e400000)]
  0x000001628e530b40 JavaThread "Common-Cleaner" daemon [_thread_blocked, id=88740, stack(0x000000540e500000,0x000000540e600000)]
  0x000001629161f3c0 JavaThread "timeout-check-timer" daemon [_thread_blocked, id=97032, stack(0x000000540ef00000,0x000000540f000000)]
  0x0000016291623380 JavaThread "ping-timer-10s" daemon [_thread_blocked, id=95884, stack(0x000000540f000000,0x000000540f100000)]
  0x0000016291625e00 JavaThread "ThreadedStreamConsumer" daemon [_thread_blocked, id=103084, stack(0x000000540f100000,0x000000540f200000)]
  0x0000016291620e50 JavaThread "fork-1-err-thread" daemon [_thread_in_native, id=90720, stack(0x000000540f200000,0x000000540f300000)]
  0x00000162916248c0 JavaThread "commands-fork-1" daemon [_thread_blocked, id=106264, stack(0x000000540f300000,0x000000540f400000)]
  0x000001629161ee70 JavaThread "fork-1-event-thread" daemon [_thread_in_vm, id=105088, stack(0x000000540f400000,0x000000540f500000)]

Other Threads:
  0x0000016249057900 VMThread "VM Thread" [stack: 0x000000540da00000,0x000000540db00000] [id=103688]
  0x000001628e5349f0 WatcherThread "VM Periodic Task Thread" [stack: 0x000000540e400000,0x000000540e500000] [id=96544]
  0x000001622a736c20 WorkerThread "GC Thread#0" [stack: 0x000000540d500000,0x000000540d600000] [id=103944]
  0x000001628f0e72f0 WorkerThread "GC Thread#1" [stack: 0x000000540e700000,0x000000540e800000] [id=102176]
  0x000001628ecfb070 WorkerThread "GC Thread#2" [stack: 0x000000540e800000,0x000000540e900000] [id=105268]
  0x000001628f146e40 WorkerThread "GC Thread#3" [stack: 0x000000540e900000,0x000000540ea00000] [id=104220]
  0x000001628f11ed00 WorkerThread "GC Thread#4" [stack: 0x000000540ea00000,0x000000540eb00000] [id=105112]
  0x000001628f208570 WorkerThread "GC Thread#5" [stack: 0x000000540eb00000,0x000000540ec00000] [id=98356]
  0x000001628f206c20 WorkerThread "GC Thread#6" [stack: 0x000000540ec00000,0x000000540ed00000] [id=69372]
  0x000001628f206950 WorkerThread "GC Thread#7" [stack: 0x000000540ed00000,0x000000540ee00000] [id=105640]
  0x000001622a747f00 ConcurrentGCThread "G1 Main Marker" [stack: 0x000000540d600000,0x000000540d700000] [id=105948]
  0x000001622a748740 WorkerThread "G1 Conc#0" [stack: 0x000000540d700000,0x000000540d800000] [id=103948]
  0x000001629015ae50 WorkerThread "G1 Conc#1" [stack: 0x000000540e600000,0x000000540e700000] [id=97732]
  0x0000016248f05c20 ConcurrentGCThread "G1 Refine#0" [stack: 0x000000540d800000,0x000000540d900000] [id=102388]
  0x0000016248f064d0 ConcurrentGCThread "G1 Service" [stack: 0x000000540d900000,0x000000540da00000] [id=104356]

Threads with active compile tasks:
C2 CompilerThread0    26674 8742   !   4       java.io.BufferedInputStream::read (69 bytes)
C1 CompilerThread0    26674 8744       3       java.lang.invoke.VarHandleGuards::guard_LL_V (123 bytes)

VM state: not at safepoint (normal execution)

VM Mutex/Monitor currently owned by a thread: None

Heap address: 0x0000000081c00000, size: 2020 MB, Compressed Oops mode: 32-bit

CDS archive(s) mapped at: [0x0000016249400000-0x000001624a060000-0x000001624a060000), size 12976128, SharedBaseAddress: 0x0000016249400000, ArchiveRelocationMode: 1.
Compressed class space mapped at: 0x000001624a400000-0x000001628a400000, reserved size: 1073741824
Narrow klass base: 0x0000016249400000, Narrow klass shift: 0, Narrow klass range: 0x100000000

GC Precious Log:
 CardTable entry size: 512
 Card Set container configuration: InlinePtr #cards 5 size 8 Array Of Cards #cards 12 size 40 Howl #buckets 4 coarsen threshold 1843 Howl Bitmap #cards 512 size 80 coarsen threshold 460 Card regions per heap region 1 cards per card region 2048
 CPUs: 8 total, 8 available
 Memory: 8072M
 Large Page Support: Disabled
 NUMA Support: Disabled
 Compressed Oops: Enabled (32-bit)
 Heap Region Size: 1M
 Heap Min Capacity: 8M
 Heap Initial Capacity: 128M
 Heap Max Capacity: 2020M
 Pre-touch: Disabled
 Parallel Workers: 8
 Concurrent Workers: 2
 Concurrent Refinement Workers: 8
 Periodic GC: Disabled

Heap:
 garbage-first heap   total 113664K, used 65857K [0x0000000081c00000, 0x0000000100000000)
  region size 1024K, 17 young (17408K), 4 survivors (4096K)
 Metaspace       used 34840K, committed 35264K, reserved 1114112K
  class space    used 3730K, committed 3904K, reserved 1048576K

Heap Regions: E=young(eden), S=young(survivor), O=old, HS=humongous(starts), HC=humongous(continues), CS=collection set, F=free, OA=open archive, CA=closed archive, TAMS=top-at-mark-start, PB=parsable bottom
|   0|0x0000000081c00000, 0x0000000081d00000, 0x0000000081d00000|100%| O|  |TAMS 0x0000000081c00000| PB 0x0000000081c00000| Untracked 
|   1|0x0000000081d00000, 0x0000000081e00000, 0x0000000081e00000|100%| O|  |TAMS 0x0000000081d00000| PB 0x0000000081d00000| Untracked 
|   2|0x0000000081e00000, 0x0000000081f00000, 0x0000000081f00000|100%| O|  |TAMS 0x0000000081e00000| PB 0x0000000081e00000| Untracked 
|   3|0x0000000081f00000, 0x0000000082000000, 0x0000000082000000|100%| O|  |TAMS 0x0000000081f00000| PB 0x0000000081f00000| Untracked 
|   4|0x0000000082000000, 0x0000000082100000, 0x0000000082100000|100%| O|  |TAMS 0x0000000082000000| PB 0x0000000082000000| Untracked 
|   5|0x0000000082100000, 0x0000000082200000, 0x0000000082200000|100%| O|  |TAMS 0x0000000082100000| PB 0x0000000082100000| Untracked 
|   6|0x0000000082200000, 0x0000000082300000, 0x0000000082300000|100%| O|  |TAMS 0x0000000082200000| PB 0x0000000082200000| Untracked 
|   7|0x0000000082300000, 0x0000000082400000, 0x0000000082400000|100%| O|  |TAMS 0x0000000082300000| PB 0x0000000082300000| Untracked 
|   8|0x0000000082400000, 0x0000000082500000, 0x0000000082500000|100%| O|  |TAMS 0x0000000082400000| PB 0x0000000082400000| Untracked 
|   9|0x0000000082500000, 0x0000000082600000, 0x0000000082600000|100%| O|  |TAMS 0x0000000082500000| PB 0x0000000082500000| Untracked 
|  10|0x0000000082600000, 0x0000000082700000, 0x0000000082700000|100%| O|  |TAMS 0x0000000082600000| PB 0x0000000082600000| Untracked 
|  11|0x0000000082700000, 0x0000000082800000, 0x0000000082800000|100%| O|  |TAMS 0x0000000082700000| PB 0x0000000082700000| Untracked 
|  12|0x0000000082800000, 0x0000000082800000, 0x0000000082900000|  0%| F|  |TAMS 0x0000000082800000| PB 0x0000000082800000| Untracked 
|  13|0x0000000082900000, 0x0000000082a00000, 0x0000000082a00000|100%|HS|  |TAMS 0x0000000082900000| PB 0x0000000082900000| Complete 
|  14|0x0000000082a00000, 0x0000000082b00000, 0x0000000082b00000|100%| O|  |TAMS 0x0000000082a00000| PB 0x0000000082a00000| Untracked 
|  15|0x0000000082b00000, 0x0000000082c00000, 0x0000000082c00000|100%| O|  |TAMS 0x0000000082b00000| PB 0x0000000082b00000| Untracked 
|  16|0x0000000082c00000, 0x0000000082d00000, 0x0000000082d00000|100%| O|  |TAMS 0x0000000082c00000| PB 0x0000000082c00000| Untracked 
|  17|0x0000000082d00000, 0x0000000082e00000, 0x0000000082e00000|100%| O|  |TAMS 0x0000000082d00000| PB 0x0000000082d00000| Untracked 
|  18|0x0000000082e00000, 0x0000000082f00000, 0x0000000082f00000|100%| O|  |TAMS 0x0000000082e00000| PB 0x0000000082e00000| Untracked 
|  19|0x0000000082f00000, 0x0000000083000000, 0x0000000083000000|100%| O|  |TAMS 0x0000000082f00000| PB 0x0000000082f00000| Untracked 
|  20|0x0000000083000000, 0x0000000083100000, 0x0000000083100000|100%| O|  |TAMS 0x0000000083000000| PB 0x0000000083000000| Untracked 
|  21|0x0000000083100000, 0x0000000083200000, 0x0000000083200000|100%| O|  |TAMS 0x0000000083100000| PB 0x0000000083100000| Untracked 
|  22|0x0000000083200000, 0x0000000083300000, 0x0000000083300000|100%| O|  |TAMS 0x0000000083200000| PB 0x0000000083200000| Untracked 
|  23|0x0000000083300000, 0x0000000083400000, 0x0000000083400000|100%| O|  |TAMS 0x0000000083300000| PB 0x0000000083300000| Untracked 
|  24|0x0000000083400000, 0x0000000083500000, 0x0000000083500000|100%| O|  |TAMS 0x0000000083400000| PB 0x0000000083400000| Untracked 
|  25|0x0000000083500000, 0x0000000083600000, 0x0000000083600000|100%| O|  |TAMS 0x0000000083500000| PB 0x0000000083500000| Untracked 
|  26|0x0000000083600000, 0x0000000083700000, 0x0000000083700000|100%| O|  |TAMS 0x0000000083600000| PB 0x0000000083600000| Untracked 
|  27|0x0000000083700000, 0x0000000083800000, 0x0000000083800000|100%| O|  |TAMS 0x0000000083700000| PB 0x0000000083700000| Untracked 
|  28|0x0000000083800000, 0x0000000083900000, 0x0000000083900000|100%| O|  |TAMS 0x0000000083800000| PB 0x0000000083800000| Untracked 
|  29|0x0000000083900000, 0x0000000083a00000, 0x0000000083a00000|100%| O|  |TAMS 0x0000000083900000| PB 0x0000000083900000| Untracked 
|  30|0x0000000083a00000, 0x0000000083b00000, 0x0000000083b00000|100%| O|  |TAMS 0x0000000083a00000| PB 0x0000000083a00000| Untracked 
|  31|0x0000000083b00000, 0x0000000083c00000, 0x0000000083c00000|100%| O|  |TAMS 0x0000000083b00000| PB 0x0000000083b00000| Untracked 
|  32|0x0000000083c00000, 0x0000000083d00000, 0x0000000083d00000|100%| O|  |TAMS 0x0000000083c00000| PB 0x0000000083c00000| Untracked 
|  33|0x0000000083d00000, 0x0000000083e00000, 0x0000000083e00000|100%| O|  |TAMS 0x0000000083d00000| PB 0x0000000083d00000| Untracked 
|  34|0x0000000083e00000, 0x0000000083f00000, 0x0000000083f00000|100%| O|  |TAMS 0x0000000083e00000| PB 0x0000000083e00000| Untracked 
|  35|0x0000000083f00000, 0x0000000084000000, 0x0000000084000000|100%| O|  |TAMS 0x0000000083f00000| PB 0x0000000083f00000| Untracked 
|  36|0x0000000084000000, 0x0000000084100000, 0x0000000084100000|100%| O|  |TAMS 0x0000000084000000| PB 0x0000000084000000| Untracked 
|  37|0x0000000084100000, 0x0000000084200000, 0x0000000084200000|100%| O|  |TAMS 0x0000000084100000| PB 0x0000000084100000| Untracked 
|  38|0x0000000084200000, 0x0000000084300000, 0x0000000084300000|100%| O|  |TAMS 0x0000000084200000| PB 0x0000000084200000| Untracked 
|  39|0x0000000084300000, 0x0000000084400000, 0x0000000084400000|100%| O|  |TAMS 0x0000000084300000| PB 0x0000000084300000| Untracked 
|  40|0x0000000084400000, 0x0000000084500000, 0x0000000084500000|100%|HS|  |TAMS 0x0000000084400000| PB 0x0000000084400000| Complete 
|  41|0x0000000084500000, 0x0000000084600000, 0x0000000084600000|100%| O|  |TAMS 0x0000000084500000| PB 0x0000000084500000| Untracked 
|  42|0x0000000084600000, 0x0000000084700000, 0x0000000084700000|100%| O|  |TAMS 0x0000000084600000| PB 0x0000000084600000| Untracked 
|  43|0x0000000084700000, 0x0000000084700000, 0x0000000084800000|  0%| F|  |TAMS 0x0000000084700000| PB 0x0000000084700000| Untracked 
|  44|0x0000000084800000, 0x0000000084900000, 0x0000000084900000|100%| O|  |TAMS 0x0000000084800000| PB 0x0000000084800000| Untracked 
|  45|0x0000000084900000, 0x00000000849ffe00, 0x0000000084a00000| 99%| O|  |TAMS 0x0000000084900000| PB 0x0000000084900000| Untracked 
|  46|0x0000000084a00000, 0x0000000084a00000, 0x0000000084b00000|  0%| F|  |TAMS 0x0000000084a00000| PB 0x0000000084a00000| Untracked 
|  47|0x0000000084b00000, 0x0000000084b00000, 0x0000000084c00000|  0%| F|  |TAMS 0x0000000084b00000| PB 0x0000000084b00000| Untracked 
|  48|0x0000000084c00000, 0x0000000084c00000, 0x0000000084d00000|  0%| F|  |TAMS 0x0000000084c00000| PB 0x0000000084c00000| Untracked 
|  49|0x0000000084d00000, 0x0000000084d00000, 0x0000000084e00000|  0%| F|  |TAMS 0x0000000084d00000| PB 0x0000000084d00000| Untracked 
|  50|0x0000000084e00000, 0x0000000084e00000, 0x0000000084f00000|  0%| F|  |TAMS 0x0000000084e00000| PB 0x0000000084e00000| Untracked 
|  51|0x0000000084f00000, 0x0000000084f00000, 0x0000000085000000|  0%| F|  |TAMS 0x0000000084f00000| PB 0x0000000084f00000| Untracked 
|  52|0x0000000085000000, 0x0000000085000000, 0x0000000085100000|  0%| F|  |TAMS 0x0000000085000000| PB 0x0000000085000000| Untracked 
|  53|0x0000000085100000, 0x0000000085150720, 0x0000000085200000| 31%| S|CS|TAMS 0x0000000085100000| PB 0x0000000085100000| Complete 
|  54|0x0000000085200000, 0x0000000085300000, 0x0000000085300000|100%| S|CS|TAMS 0x0000000085200000| PB 0x0000000085200000| Complete 
|  55|0x0000000085300000, 0x0000000085400000, 0x0000000085400000|100%| S|CS|TAMS 0x0000000085300000| PB 0x0000000085300000| Complete 
|  56|0x0000000085400000, 0x0000000085500000, 0x0000000085500000|100%| S|CS|TAMS 0x0000000085400000| PB 0x0000000085400000| Complete 
|  57|0x0000000085500000, 0x0000000085500000, 0x0000000085600000|  0%| F|  |TAMS 0x0000000085500000| PB 0x0000000085500000| Untracked 
|  58|0x0000000085600000, 0x0000000085600000, 0x0000000085700000|  0%| F|  |TAMS 0x0000000085600000| PB 0x0000000085600000| Untracked 
|  59|0x0000000085700000, 0x0000000085700000, 0x0000000085800000|  0%| F|  |TAMS 0x0000000085700000| PB 0x0000000085700000| Untracked 
|  60|0x0000000085800000, 0x0000000085800000, 0x0000000085900000|  0%| F|  |TAMS 0x0000000085800000| PB 0x0000000085800000| Untracked 
|  61|0x0000000085900000, 0x0000000085900000, 0x0000000085a00000|  0%| F|  |TAMS 0x0000000085900000| PB 0x0000000085900000| Untracked 
|  62|0x0000000085a00000, 0x0000000085a00000, 0x0000000085b00000|  0%| F|  |TAMS 0x0000000085a00000| PB 0x0000000085a00000| Untracked 
|  63|0x0000000085b00000, 0x0000000085b00000, 0x0000000085c00000|  0%| F|  |TAMS 0x0000000085b00000| PB 0x0000000085b00000| Untracked 
|  64|0x0000000085c00000, 0x0000000085c00000, 0x0000000085d00000|  0%| F|  |TAMS 0x0000000085c00000| PB 0x0000000085c00000| Untracked 
|  65|0x0000000085d00000, 0x0000000085d00000, 0x0000000085e00000|  0%| F|  |TAMS 0x0000000085d00000| PB 0x0000000085d00000| Untracked 
|  66|0x0000000085e00000, 0x0000000085e00000, 0x0000000085f00000|  0%| F|  |TAMS 0x0000000085e00000| PB 0x0000000085e00000| Untracked 
|  67|0x0000000085f00000, 0x0000000085f00000, 0x0000000086000000|  0%| F|  |TAMS 0x0000000085f00000| PB 0x0000000085f00000| Untracked 
|  68|0x0000000086000000, 0x0000000086000000, 0x0000000086100000|  0%| F|  |TAMS 0x0000000086000000| PB 0x0000000086000000| Untracked 
|  69|0x0000000086100000, 0x0000000086100000, 0x0000000086200000|  0%| F|  |TAMS 0x0000000086100000| PB 0x0000000086100000| Untracked 
|  70|0x0000000086200000, 0x0000000086200000, 0x0000000086300000|  0%| F|  |TAMS 0x0000000086200000| PB 0x0000000086200000| Untracked 
|  71|0x0000000086300000, 0x0000000086300000, 0x0000000086400000|  0%| F|  |TAMS 0x0000000086300000| PB 0x0000000086300000| Untracked 
|  72|0x0000000086400000, 0x0000000086400000, 0x0000000086500000|  0%| F|  |TAMS 0x0000000086400000| PB 0x0000000086400000| Untracked 
|  73|0x0000000086500000, 0x0000000086500000, 0x0000000086600000|  0%| F|  |TAMS 0x0000000086500000| PB 0x0000000086500000| Untracked 
|  74|0x0000000086600000, 0x0000000086600000, 0x0000000086700000|  0%| F|  |TAMS 0x0000000086600000| PB 0x0000000086600000| Untracked 
|  75|0x0000000086700000, 0x0000000086700000, 0x0000000086800000|  0%| F|  |TAMS 0x0000000086700000| PB 0x0000000086700000| Untracked 
|  76|0x0000000086800000, 0x0000000086800000, 0x0000000086900000|  0%| F|  |TAMS 0x0000000086800000| PB 0x0000000086800000| Untracked 
|  77|0x0000000086900000, 0x0000000086900000, 0x0000000086a00000|  0%| F|  |TAMS 0x0000000086900000| PB 0x0000000086900000| Untracked 
|  78|0x0000000086a00000, 0x0000000086a00000, 0x0000000086b00000|  0%| F|  |TAMS 0x0000000086a00000| PB 0x0000000086a00000| Untracked 
|  79|0x0000000086b00000, 0x0000000086b00000, 0x0000000086c00000|  0%| F|  |TAMS 0x0000000086b00000| PB 0x0000000086b00000| Untracked 
|  80|0x0000000086c00000, 0x0000000086c00000, 0x0000000086d00000|  0%| F|  |TAMS 0x0000000086c00000| PB 0x0000000086c00000| Untracked 
|  81|0x0000000086d00000, 0x0000000086d00000, 0x0000000086e00000|  0%| F|  |TAMS 0x0000000086d00000| PB 0x0000000086d00000| Untracked 
|  82|0x0000000086e00000, 0x0000000086e00000, 0x0000000086f00000|  0%| F|  |TAMS 0x0000000086e00000| PB 0x0000000086e00000| Untracked 
|  83|0x0000000086f00000, 0x0000000086f00000, 0x0000000087000000|  0%| F|  |TAMS 0x0000000086f00000| PB 0x0000000086f00000| Untracked 
|  84|0x0000000087000000, 0x0000000087000000, 0x0000000087100000|  0%| F|  |TAMS 0x0000000087000000| PB 0x0000000087000000| Untracked 
|  85|0x0000000087100000, 0x0000000087100000, 0x0000000087200000|  0%| F|  |TAMS 0x0000000087100000| PB 0x0000000087100000| Untracked 
|  86|0x0000000087200000, 0x0000000087200000, 0x0000000087300000|  0%| F|  |TAMS 0x0000000087200000| PB 0x0000000087200000| Untracked 
|  87|0x0000000087300000, 0x0000000087300000, 0x0000000087400000|  0%| F|  |TAMS 0x0000000087300000| PB 0x0000000087300000| Untracked 
|  88|0x0000000087400000, 0x0000000087400000, 0x0000000087500000|  0%| F|  |TAMS 0x0000000087400000| PB 0x0000000087400000| Untracked 
|  89|0x0000000087500000, 0x0000000087500000, 0x0000000087600000|  0%| F|  |TAMS 0x0000000087500000| PB 0x0000000087500000| Untracked 
|  90|0x0000000087600000, 0x0000000087600000, 0x0000000087700000|  0%| F|  |TAMS 0x0000000087600000| PB 0x0000000087600000| Untracked 
|  91|0x0000000087700000, 0x0000000087700000, 0x0000000087800000|  0%| F|  |TAMS 0x0000000087700000| PB 0x0000000087700000| Untracked 
|  92|0x0000000087800000, 0x0000000087800000, 0x0000000087900000|  0%| F|  |TAMS 0x0000000087800000| PB 0x0000000087800000| Untracked 
|  93|0x0000000087900000, 0x00000000879f4078, 0x0000000087a00000| 95%| E|  |TAMS 0x0000000087900000| PB 0x0000000087900000| Complete 
|  94|0x0000000087a00000, 0x0000000087b00000, 0x0000000087b00000|100%| E|CS|TAMS 0x0000000087a00000| PB 0x0000000087a00000| Complete 
|  95|0x0000000087b00000, 0x0000000087c00000, 0x0000000087c00000|100%| E|CS|TAMS 0x0000000087b00000| PB 0x0000000087b00000| Complete 
|  96|0x0000000087c00000, 0x0000000087d00000, 0x0000000087d00000|100%| E|CS|TAMS 0x0000000087c00000| PB 0x0000000087c00000| Complete 
|  97|0x0000000087d00000, 0x0000000087e00000, 0x0000000087e00000|100%| E|CS|TAMS 0x0000000087d00000| PB 0x0000000087d00000| Complete 
|  98|0x0000000087e00000, 0x0000000087f00000, 0x0000000087f00000|100%| E|CS|TAMS 0x0000000087e00000| PB 0x0000000087e00000| Complete 
|  99|0x0000000087f00000, 0x0000000088000000, 0x0000000088000000|100%| E|CS|TAMS 0x0000000087f00000| PB 0x0000000087f00000| Complete 
| 100|0x0000000088000000, 0x0000000088100000, 0x0000000088100000|100%| E|CS|TAMS 0x0000000088000000| PB 0x0000000088000000| Complete 
| 101|0x0000000088100000, 0x0000000088200000, 0x0000000088200000|100%| E|CS|TAMS 0x0000000088100000| PB 0x0000000088100000| Complete 
| 102|0x0000000088200000, 0x0000000088300000, 0x0000000088300000|100%| E|CS|TAMS 0x0000000088200000| PB 0x0000000088200000| Complete 
| 103|0x0000000088300000, 0x0000000088400000, 0x0000000088400000|100%| E|CS|TAMS 0x0000000088300000| PB 0x0000000088300000| Complete 
| 104|0x0000000088400000, 0x0000000088500000, 0x0000000088500000|100%| E|CS|TAMS 0x0000000088400000| PB 0x0000000088400000| Complete 
| 127|0x0000000089b00000, 0x0000000089c00000, 0x0000000089c00000|100%| E|CS|TAMS 0x0000000089b00000| PB 0x0000000089b00000| Complete 
|2015|0x00000000ffb00000, 0x00000000ffc00000, 0x00000000ffc00000|100%| O|  |TAMS 0x00000000ffb00000| PB 0x00000000ffb00000| Untracked 
|2016|0x00000000ffc00000, 0x00000000ffd00000, 0x00000000ffd00000|100%| O|  |TAMS 0x00000000ffc00000| PB 0x00000000ffc00000| Untracked 
|2017|0x00000000ffd00000, 0x00000000ffe00000, 0x00000000ffe00000|100%| O|  |TAMS 0x00000000ffd00000| PB 0x00000000ffd00000| Untracked 
|2018|0x00000000ffe00000, 0x00000000fff00000, 0x00000000fff00000|100%| O|  |TAMS 0x00000000ffe00000| PB 0x00000000ffe00000| Untracked 
|2019|0x00000000fff00000, 0x0000000100000000, 0x0000000100000000|100%| O|  |TAMS 0x00000000fff00000| PB 0x00000000fff00000| Untracked 

Card table byte_map: [0x0000016243df0000,0x00000162441f0000] _byte_map_base: 0x00000162439e2000

Marking Bits: (CMBitMap*) 0x000001622a737060
 Bits: [0x00000162445f0000, 0x0000016246580000)

Polling page: 0x000001622a7a0000

Metaspace:

Usage:
  Non-class:     30.38 MB used.
      Class:      3.64 MB used.
       Both:     34.02 MB used.

Virtual space:
  Non-class space:       64.00 MB reserved,      30.62 MB ( 48%) committed,  1 nodes.
      Class space:        1.00 GB reserved,       3.81 MB ( <1%) committed,  1 nodes.
             Both:        1.06 GB reserved,      34.44 MB (  3%) committed. 

Chunk freelists:
   Non-Class:  1.11 MB
       Class:  0 bytes
        Both:  1.11 MB

MaxMetaspaceSize: unlimited
CompressedClassSpaceSize: 1.00 GB
Initial GC threshold: 21.00 MB
Current GC threshold: 50.12 MB
CDS: on
MetaspaceReclaimPolicy: balanced
 - commit_granule_bytes: 65536.
 - commit_granule_words: 8192.
 - virtual_space_node_default_size: 8388608.
 - enlarge_chunks_in_place: 1.
 - new_chunks_are_fully_committed: 0.
 - uncommit_free_chunks: 1.
 - use_allocation_guard: 0.


Internal statistics:

num_allocs_failed_limit: 3.
num_arena_births: 318.
num_arena_deaths: 0.
num_vsnodes_births: 2.
num_vsnodes_deaths: 0.
num_space_committed: 551.
num_space_uncommitted: 0.
num_chunks_returned_to_freelist: 3.
num_chunks_taken_from_freelist: 1502.
num_chunk_merges: 0.
num_chunk_splits: 1063.
num_chunks_enlarged: 856.
num_inconsistent_stats: 0.

CodeHeap 'non-profiled nmethods': size=120000Kb used=3963Kb max_used=3963Kb free=116036Kb
 bounds [0x000001623ba50000, 0x000001623be30000, 0x0000016242f80000]
CodeHeap 'profiled nmethods': size=120000Kb used=16123Kb max_used=16123Kb free=103876Kb
 bounds [0x0000016233f80000, 0x0000016234f40000, 0x000001623b4b0000]
CodeHeap 'non-nmethods': size=5760Kb used=1579Kb max_used=1709Kb free=4180Kb
 bounds [0x000001623b4b0000, 0x000001623b720000, 0x000001623ba50000]
 total_blobs=8123 nmethods=7534 adapters=499
 compilation: enabled
              stopped_count=0, restarted_count=0
 full_count=0

Compilation events (20 events):
Event: 25.770 Thread 0x0000016249090660 8733       3       java.nio.HeapByteBuffer::getInt (29 bytes)
Event: 25.770 Thread 0x0000016249089cc0 8734       4       java.util.concurrent.locks.AbstractQueuedSynchronizer::acquireShared (20 bytes)
Event: 25.771 Thread 0x0000016249090660 nmethod 8733 0x0000016234f3cb90 code [0x0000016234f3cde0, 0x0000016234f3d710]
Event: 25.775 Thread 0x0000016249089cc0 nmethod 8734 0x000001623be2d910 code [0x000001623be2daa0, 0x000001623be2ddb0]
Event: 25.778 Thread 0x0000016249090660 8735       1       org.apache.maven.surefire.api.stream.AbstractStreamDecoder$Segment::hashCode (5 bytes)
Event: 25.778 Thread 0x0000016249090660 nmethod 8735 0x000001623be2e010 code [0x000001623be2e180, 0x000001623be2e248]
Event: 25.796 Thread 0x0000016249090660 8736       3       java.lang.String::equals (56 bytes)
Event: 25.797 Thread 0x0000016249090660 nmethod 8736 0x0000016234f3db10 code [0x0000016234f3dcc0, 0x0000016234f3e138]
Event: 25.802 Thread 0x0000016249090660 8737   !   3       java.io.FileInputStream::available (24 bytes)
Event: 25.802 Thread 0x0000016249090660 nmethod 8737 0x0000016234f3e210 code [0x0000016234f3e3c0, 0x0000016234f3e5b0]
Event: 25.802 Thread 0x0000016249090660 8739       3       jdk.internal.misc.Unsafe::getLongUnaligned (12 bytes)
Event: 25.802 Thread 0x0000016249090660 nmethod 8739 0x0000016234f3e710 code [0x0000016234f3e8a0, 0x0000016234f3ea88]
Event: 25.802 Thread 0x0000016249090660 8738       1       org.apache.maven.surefire.api.stream.AbstractStreamDecoder$BufferedStream::getPositionByteBuffer (5 bytes)
Event: 25.802 Thread 0x0000016249090660 nmethod 8738 0x000001623be2e310 code [0x000001623be2e480, 0x000001623be2e548]
Event: 25.827 Thread 0x0000016249090660 8740       3       org.apache.maven.surefire.api.stream.AbstractStreamDecoder::readString (120 bytes)
Event: 25.828 Thread 0x0000016249089cc0 8741       4       java.io.BufferedInputStream::read1 (109 bytes)
Event: 25.828 Thread 0x0000016249090660 nmethod 8740 0x0000016234f3eb90 code [0x0000016234f3ee00, 0x0000016234f3fa18]
Event: 25.833 Thread 0x0000016249089cc0 nmethod 8741 0x000001623be2e610 code [0x000001623be2e7c0, 0x000001623be2eb18]
Event: 26.308 Thread 0x0000016249089cc0 8742   !   4       java.io.BufferedInputStream::read (69 bytes)
Event: 26.319 Thread 0x0000016249090660 8744       3       java.lang.invoke.VarHandleGuards::guard_LL_V (123 bytes)

GC Heap History (20 events):
Event: 10.420 GC heap before
{Heap before GC invocations=3 (full 0):
 garbage-first heap   total 131072K, used 82264K [0x0000000081c00000, 0x0000000100000000)
  region size 1024K, 76 young (77824K), 8 survivors (8192K)
 Metaspace       used 17866K, committed 18112K, reserved 1114112K
  class space    used 1942K, committed 2048K, reserved 1048576K
}
Event: 10.439 GC heap after
{Heap after GC invocations=4 (full 0):
 garbage-first heap   total 131072K, used 17164K [0x0000000081c00000, 0x0000000100000000)
  region size 1024K, 5 young (5120K), 5 survivors (5120K)
 Metaspace       used 17866K, committed 18112K, reserved 1114112K
  class space    used 1942K, committed 2048K, reserved 1048576K
}
Event: 12.413 GC heap before
{Heap before GC invocations=4 (full 0):
 garbage-first heap   total 131072K, used 80652K [0x0000000081c00000, 0x0000000100000000)
  region size 1024K, 68 young (69632K), 5 survivors (5120K)
 Metaspace       used 21238K, committed 21504K, reserved 1114112K
  class space    used 2296K, committed 2432K, reserved 1048576K
}
Event: 12.422 GC heap after
{Heap after GC invocations=5 (full 0):
 garbage-first heap   total 131072K, used 20770K [0x0000000081c00000, 0x0000000100000000)
  region size 1024K, 9 young (9216K), 9 survivors (9216K)
 Metaspace       used 21238K, committed 21504K, reserved 1114112K
  class space    used 2296K, committed 2432K, reserved 1048576K
}
Event: 15.000 GC heap before
{Heap before GC invocations=6 (full 0):
 garbage-first heap   total 75776K, used 57634K [0x0000000081c00000, 0x0000000100000000)
  region size 1024K, 44 young (45056K), 9 survivors (9216K)
 Metaspace       used 27289K, committed 27648K, reserved 1114112K
  class space    used 2962K, committed 3136K, reserved 1048576K
}
Event: 15.035 GC heap after
{Heap after GC invocations=7 (full 0):
 garbage-first heap   total 80896K, used 35815K [0x0000000081c00000, 0x0000000100000000)
  region size 1024K, 6 young (6144K), 6 survivors (6144K)
 Metaspace       used 27289K, committed 27648K, reserved 1114112K
  class space    used 2962K, committed 3136K, reserved 1048576K
}
Event: 15.820 GC heap before
{Heap before GC invocations=7 (full 0):
 garbage-first heap   total 80896K, used 63463K [0x0000000081c00000, 0x0000000100000000)
  region size 1024K, 33 young (33792K), 6 survivors (6144K)
 Metaspace       used 27319K, committed 27648K, reserved 1114112K
  class space    used 2962K, committed 3136K, reserved 1048576K
}
Event: 15.831 GC heap after
{Heap after GC invocations=8 (full 0):
 garbage-first heap   total 80896K, used 44544K [0x0000000081c00000, 0x0000000100000000)
  region size 1024K, 5 young (5120K), 5 survivors (5120K)
 Metaspace       used 27319K, committed 27648K, reserved 1114112K
  class space    used 2962K, committed 3136K, reserved 1048576K
}
Event: 16.576 GC heap before
{Heap before GC invocations=8 (full 0):
 garbage-first heap   total 80896K, used 66048K [0x0000000081c00000, 0x0000000100000000)
  region size 1024K, 26 young (26624K), 5 survivors (5120K)
 Metaspace       used 27996K, committed 28352K, reserved 1114112K
  class space    used 3034K, committed 3200K, reserved 1048576K
}
Event: 16.589 GC heap after
{Heap after GC invocations=9 (full 0):
 garbage-first heap   total 80896K, used 49664K [0x0000000081c00000, 0x0000000100000000)
  region size 1024K, 4 young (4096K), 4 survivors (4096K)
 Metaspace       used 27996K, committed 28352K, reserved 1114112K
  class space    used 3034K, committed 3200K, reserved 1048576K
}
Event: 17.532 GC heap before
{Heap before GC invocations=10 (full 0):
 garbage-first heap   total 87040K, used 67072K [0x0000000081c00000, 0x0000000100000000)
  region size 1024K, 22 young (22528K), 4 survivors (4096K)
 Metaspace       used 29105K, committed 29376K, reserved 1114112K
  class space    used 3148K, committed 3264K, reserved 1048576K
}
Event: 17.544 GC heap after
{Heap after GC invocations=11 (full 0):
 garbage-first heap   total 87040K, used 51460K [0x0000000081c00000, 0x0000000100000000)
  region size 1024K, 2 young (2048K), 2 survivors (2048K)
 Metaspace       used 29105K, committed 29376K, reserved 1114112K
  class space    used 3148K, committed 3264K, reserved 1048576K
}
Event: 18.104 GC heap before
{Heap before GC invocations=11 (full 0):
 garbage-first heap   total 87040K, used 72964K [0x0000000081c00000, 0x0000000100000000)
  region size 1024K, 24 young (24576K), 2 survivors (2048K)
 Metaspace       used 30138K, committed 30528K, reserved 1114112K
  class space    used 3247K, committed 3392K, reserved 1048576K
}
Event: 18.109 GC heap after
{Heap after GC invocations=12 (full 0):
 garbage-first heap   total 87040K, used 51200K [0x0000000081c00000, 0x0000000100000000)
  region size 1024K, 2 young (2048K), 2 survivors (2048K)
 Metaspace       used 30138K, committed 30528K, reserved 1114112K
  class space    used 3247K, committed 3392K, reserved 1048576K
}
Event: 18.310 GC heap before
{Heap before GC invocations=12 (full 0):
 garbage-first heap   total 87040K, used 74752K [0x0000000081c00000, 0x0000000100000000)
  region size 1024K, 25 young (25600K), 2 survivors (2048K)
 Metaspace       used 30460K, committed 30784K, reserved 1114112K
  class space    used 3255K, committed 3392K, reserved 1048576K
}
Event: 18.316 GC heap after
{Heap after GC invocations=13 (full 0):
 garbage-first heap   total 87040K, used 51391K [0x0000000081c00000, 0x0000000100000000)
  region size 1024K, 3 young (3072K), 3 survivors (3072K)
 Metaspace       used 30460K, committed 30784K, reserved 1114112K
  class space    used 3255K, committed 3392K, reserved 1048576K
}
Event: 19.001 GC heap before
{Heap before GC invocations=14 (full 0):
 garbage-first heap   total 94208K, used 76991K [0x0000000081c00000, 0x0000000100000000)
  region size 1024K, 27 young (27648K), 3 survivors (3072K)
 Metaspace       used 31736K, committed 32128K, reserved 1114112K
  class space    used 3408K, committed 3584K, reserved 1048576K
}
Event: 19.011 GC heap after
{Heap after GC invocations=15 (full 0):
 garbage-first heap   total 94208K, used 53391K [0x0000000081c00000, 0x0000000100000000)
  region size 1024K, 2 young (2048K), 2 survivors (2048K)
 Metaspace       used 31736K, committed 32128K, reserved 1114112K
  class space    used 3408K, committed 3584K, reserved 1048576K
}
Event: 19.630 GC heap before
{Heap before GC invocations=15 (full 0):
 garbage-first heap   total 94208K, used 81039K [0x0000000081c00000, 0x0000000100000000)
  region size 1024K, 30 young (30720K), 2 survivors (2048K)
 Metaspace       used 33273K, committed 33664K, reserved 1114112K
  class space    used 3529K, committed 3712K, reserved 1048576K
}
Event: 19.640 GC heap after
{Heap after GC invocations=16 (full 0):
 garbage-first heap   total 113664K, used 53569K [0x0000000081c00000, 0x0000000100000000)
  region size 1024K, 4 young (4096K), 4 survivors (4096K)
 Metaspace       used 33273K, committed 33664K, reserved 1114112K
  class space    used 3529K, committed 3712K, reserved 1048576K
}

Dll operation events (9 events):
Event: 0.097 Loaded shared library C:\Program Files\Java\jdk-20\bin\java.dll
Event: 0.171 Loaded shared library C:\Program Files\Java\jdk-20\bin\jsvml.dll
Event: 0.426 Loaded shared library C:\Program Files\Java\jdk-20\bin\net.dll
Event: 0.583 Loaded shared library C:\Program Files\Java\jdk-20\bin\nio.dll
Event: 0.599 Loaded shared library C:\Program Files\Java\jdk-20\bin\zip.dll
Event: 0.809 Loaded shared library C:\Program Files\Java\jdk-20\bin\jimage.dll
Event: 2.611 Loaded shared library C:\Users\SMILE\AppData\Local\Temp\jansi-2.4.0-c805569b36f57de-jansi.dll
Event: 2.895 Loaded shared library C:\Program Files\Java\jdk-20\bin\verify.dll
Event: 6.423 Loaded shared library C:\Program Files\Java\jdk-20\bin\extnet.dll

Deoptimization events (20 events):
Event: 21.367 Thread 0x0000016291625e00 Uncommon trap: trap_request=0xffffffc6 fr.pc=0x000001623bb80224 relative=0x0000000000000264
Event: 21.367 Thread 0x0000016291625e00 Uncommon trap: reason=bimorphic_or_optimized_type_check action=maybe_recompile pc=0x000001623bb80224 method=java.util.regex.Pattern.lambda$union$3(Ljava/util/regex/Pattern$CharPredicate;Ljava/util/regex/Pattern$CharPredicate;I)Z @ 2 c2
Event: 21.367 Thread 0x0000016291625e00 DEOPT PACKING pc=0x000001623bb80224 sp=0x000000540f1fe230
Event: 21.367 Thread 0x0000016291625e00 DEOPT UNPACKING pc=0x000001623b519d22 sp=0x000000540f1fe078 mode 2
Event: 21.367 Thread 0x0000016291625e00 Uncommon trap: trap_request=0xffffffc6 fr.pc=0x000001623bb80224 relative=0x0000000000000264
Event: 21.367 Thread 0x0000016291625e00 Uncommon trap: reason=bimorphic_or_optimized_type_check action=maybe_recompile pc=0x000001623bb80224 method=java.util.regex.Pattern.lambda$union$3(Ljava/util/regex/Pattern$CharPredicate;Ljava/util/regex/Pattern$CharPredicate;I)Z @ 2 c2
Event: 21.367 Thread 0x0000016291625e00 DEOPT PACKING pc=0x000001623bb80224 sp=0x000000540f1fe230
Event: 21.367 Thread 0x0000016291625e00 DEOPT UNPACKING pc=0x000001623b519d22 sp=0x000000540f1fe078 mode 2
Event: 21.367 Thread 0x0000016291625e00 Uncommon trap: trap_request=0xffffffc6 fr.pc=0x000001623bb80224 relative=0x0000000000000264
Event: 21.367 Thread 0x0000016291625e00 Uncommon trap: reason=bimorphic_or_optimized_type_check action=maybe_recompile pc=0x000001623bb80224 method=java.util.regex.Pattern.lambda$union$3(Ljava/util/regex/Pattern$CharPredicate;Ljava/util/regex/Pattern$CharPredicate;I)Z @ 2 c2
Event: 21.367 Thread 0x0000016291625e00 DEOPT PACKING pc=0x000001623bb80224 sp=0x000000540f1fe230
Event: 21.367 Thread 0x0000016291625e00 DEOPT UNPACKING pc=0x000001623b519d22 sp=0x000000540f1fe078 mode 2
Event: 21.367 Thread 0x0000016291625e00 Uncommon trap: trap_request=0xffffffc6 fr.pc=0x000001623bb80224 relative=0x0000000000000264
Event: 21.367 Thread 0x0000016291625e00 Uncommon trap: reason=bimorphic_or_optimized_type_check action=maybe_recompile pc=0x000001623bb80224 method=java.util.regex.Pattern.lambda$union$3(Ljava/util/regex/Pattern$CharPredicate;Ljava/util/regex/Pattern$CharPredicate;I)Z @ 2 c2
Event: 21.367 Thread 0x0000016291625e00 DEOPT PACKING pc=0x000001623bb80224 sp=0x000000540f1fe230
Event: 21.367 Thread 0x0000016291625e00 DEOPT UNPACKING pc=0x000001623b519d22 sp=0x000000540f1fe078 mode 2
Event: 25.564 Thread 0x0000016291625e00 Uncommon trap: trap_request=0xffffff45 fr.pc=0x000001623ba76920 relative=0x00000000000001a0
Event: 25.564 Thread 0x0000016291625e00 Uncommon trap: reason=unstable_if action=reinterpret pc=0x000001623ba76920 method=java.lang.String.equals(Ljava/lang/Object;)Z @ 33 c2
Event: 25.564 Thread 0x0000016291625e00 DEOPT PACKING pc=0x000001623ba76920 sp=0x000000540f1fefd0
Event: 25.564 Thread 0x0000016291625e00 DEOPT UNPACKING pc=0x000001623b519d22 sp=0x000000540f1fef60 mode 2

Classes loaded (20 events):
Event: 20.069 Loading class java/lang/Process done
Event: 20.069 Loading class java/lang/ProcessImpl done
Event: 20.104 Loading class java/lang/ProcessImpl$2
Event: 20.104 Loading class java/lang/ProcessImpl$2 done
Event: 20.104 Loading class java/lang/Process$PipeInputStream
Event: 20.105 Loading class java/lang/Process$PipeInputStream done
Event: 20.106 Loading class jdk/internal/event/ProcessStartEvent
Event: 20.107 Loading class jdk/internal/event/ProcessStartEvent done
Event: 20.108 Loading class java/nio/channels/ClosedChannelException
Event: 20.108 Loading class java/nio/channels/ClosedChannelException done
Event: 20.110 Loading class java/nio/channels/NonReadableChannelException
Event: 20.110 Loading class java/nio/channels/NonReadableChannelException done
Event: 20.111 Loading class java/nio/channels/NonWritableChannelException
Event: 20.111 Loading class java/nio/channels/NonWritableChannelException done
Event: 20.130 Loading class java/util/Scanner
Event: 20.131 Loading class java/util/Scanner done
Event: 20.133 Loading class java/util/Scanner$PatternLRUCache
Event: 20.133 Loading class java/util/Scanner$PatternLRUCache done
Event: 25.530 Loading class java/text/ChoiceFormat
Event: 25.564 Loading class java/text/ChoiceFormat done

Classes unloaded (0 events):
No events

Classes redefined (0 events):
No events

Internal exceptions (20 events):
Event: 19.074 Thread 0x000001622a6d8130 Exception <a 'sun/nio/fs/WindowsException'{0x0000000086e94f58}> (0x0000000086e94f58) 
thrown [s\open\src\hotspot\share\prims\jni.cpp, line 519]
Event: 19.074 Thread 0x000001622a6d8130 Exception <a 'sun/nio/fs/WindowsException'{0x0000000086eac138}> (0x0000000086eac138) 
thrown [s\open\src\hotspot\share\prims\jni.cpp, line 519]
Event: 19.075 Thread 0x000001622a6d8130 Exception <a 'sun/nio/fs/WindowsException'{0x0000000086ead0f8}> (0x0000000086ead0f8) 
thrown [s\open\src\hotspot\share\prims\jni.cpp, line 519]
Event: 19.098 Thread 0x000001622a6d8130 Exception <a 'sun/nio/fs/WindowsException'{0x0000000086d94a58}> (0x0000000086d94a58) 
thrown [s\open\src\hotspot\share\prims\jni.cpp, line 519]
Event: 19.098 Thread 0x000001622a6d8130 Exception <a 'sun/nio/fs/WindowsException'{0x0000000086d95950}> (0x0000000086d95950) 
thrown [s\open\src\hotspot\share\prims\jni.cpp, line 519]
Event: 19.098 Thread 0x000001622a6d8130 Exception <a 'sun/nio/fs/WindowsException'{0x0000000086da3ab8}> (0x0000000086da3ab8) 
thrown [s\open\src\hotspot\share\prims\jni.cpp, line 519]
Event: 19.099 Thread 0x000001622a6d8130 Exception <a 'sun/nio/fs/WindowsException'{0x0000000086dc19a0}> (0x0000000086dc19a0) 
thrown [s\open\src\hotspot\share\prims\jni.cpp, line 519]
Event: 19.099 Thread 0x000001622a6d8130 Exception <a 'sun/nio/fs/WindowsException'{0x0000000086dc2958}> (0x0000000086dc2958) 
thrown [s\open\src\hotspot\share\prims\jni.cpp, line 519]
Event: 19.102 Thread 0x000001622a6d8130 Exception <a 'sun/nio/fs/WindowsException'{0x0000000086deb9e8}> (0x0000000086deb9e8) 
thrown [s\open\src\hotspot\share\prims\jni.cpp, line 519]
Event: 19.102 Thread 0x000001622a6d8130 Exception <a 'sun/nio/fs/WindowsException'{0x0000000086dec8f8}> (0x0000000086dec8f8) 
thrown [s\open\src\hotspot\share\prims\jni.cpp, line 519]
Event: 19.102 Thread 0x000001622a6d8130 Exception <a 'sun/nio/fs/WindowsException'{0x0000000086dfc738}> (0x0000000086dfc738) 
thrown [s\open\src\hotspot\share\prims\jni.cpp, line 519]
Event: 19.102 Thread 0x000001622a6d8130 Exception <a 'sun/nio/fs/WindowsException'{0x0000000086c1ffa8}> (0x0000000086c1ffa8) 
thrown [s\open\src\hotspot\share\prims\jni.cpp, line 519]
Event: 19.103 Thread 0x000001622a6d8130 Exception <a 'sun/nio/fs/WindowsException'{0x0000000086c20f78}> (0x0000000086c20f78) 
thrown [s\open\src\hotspot\share\prims\jni.cpp, line 519]
Event: 19.400 Thread 0x0000016291624370 Exception <a 'java/lang/NoSuchMethodError'{0x0000000085ba0770}: 'java.lang.Object java.lang.invoke.DirectMethodHandle$Holder.invokeStatic(java.lang.Object, long, java.lang.Object)'> (0x0000000085ba0770) 
thrown [s\open\src\hotspot\share\interpreter\linkResolver.cpp, line 773]
Event: 19.401 Thread 0x0000016291624370 Exception <a 'java/lang/NoSuchMethodError'{0x0000000085ba3c48}: 'java.lang.Object java.lang.invoke.DirectMethodHandle$Holder.invokeStaticInit(java.lang.Object, long, java.lang.Object)'> (0x0000000085ba3c48) 
thrown [s\open\src\hotspot\share\interpreter\linkResolver.cpp, line 773]
Event: 19.401 Thread 0x0000016291624370 Exception <a 'java/lang/NoSuchMethodError'{0x0000000085ba95c8}: 'java.lang.Object java.lang.invoke.DirectMethodHandle$Holder.newInvokeSpecial(java.lang.Object, long)'> (0x0000000085ba95c8) 
thrown [s\open\src\hotspot\share\interpreter\linkResolver.cpp, line 773]
Event: 19.403 Thread 0x0000016291624370 Exception <a 'java/lang/NoSuchMethodError'{0x0000000085bada28}: 'long java.lang.invoke.DirectMethodHandle$Holder.invokeInterface(java.lang.Object, java.lang.Object)'> (0x0000000085bada28) 
thrown [s\open\src\hotspot\share\interpreter\linkResolver.cpp, line 773]
Event: 19.404 Thread 0x0000016291624370 Exception <a 'java/lang/NoSuchMethodError'{0x00000000858816b8}: 'long java.lang.invoke.DelegatingMethodHandle$Holder.reinvoke_L(java.lang.Object, java.lang.Object)'> (0x00000000858816b8) 
thrown [s\open\src\hotspot\share\interpreter\linkResolver.cpp, line 773]
Event: 19.531 Thread 0x000001622a6d8130 Exception <a 'java/lang/NoSuchMethodError'{0x00000000856559f8}: 'java.lang.Object java.lang.invoke.DirectMethodHandle$Holder.invokeStaticInit(java.lang.Object, java.lang.Object, int, int, int, int)'> (0x00000000856559f8) 
thrown [s\open\src\hotspot\share\interpreter\linkResolver.cpp, line 773]
Event: 20.103 Thread 0x000001622a6d8130 Exception <a 'java/lang/NoSuchMethodError'{0x0000000087c6daa0}: 'void java.lang.invoke.DirectMethodHandle$Holder.invokeStatic(java.lang.Object, long)'> (0x0000000087c6daa0) 
thrown [s\open\src\hotspot\share\interpreter\linkResolver.cpp, line 773]

VM Operations (20 events):
Event: 19.376 Executing VM operation: HandshakeAllThreads
Event: 19.376 Executing VM operation: HandshakeAllThreads done
Event: 19.407 Executing VM operation: HandshakeAllThreads
Event: 19.407 Executing VM operation: HandshakeAllThreads done
Event: 19.630 Executing VM operation: G1CollectForAllocation
Event: 19.640 Executing VM operation: G1CollectForAllocation done
Event: 19.978 Executing VM operation: HandshakeAllThreads
Event: 19.978 Executing VM operation: HandshakeAllThreads done
Event: 19.986 Executing VM operation: HandshakeAllThreads
Event: 19.986 Executing VM operation: HandshakeAllThreads done
Event: 20.106 Executing VM operation: HandshakeAllThreads
Event: 20.106 Executing VM operation: HandshakeAllThreads done
Event: 21.113 Executing VM operation: Cleanup
Event: 21.113 Executing VM operation: Cleanup done
Event: 22.128 Executing VM operation: Cleanup
Event: 22.128 Executing VM operation: Cleanup done
Event: 23.132 Executing VM operation: Cleanup
Event: 23.132 Executing VM operation: Cleanup done
Event: 26.149 Executing VM operation: Cleanup
Event: 26.149 Executing VM operation: Cleanup done

Events (20 events):
Event: 18.368 Thread 0x0000016249057900 flushing nmethod 0x000001623bcd9890
Event: 18.368 Thread 0x0000016249057900 flushing nmethod 0x000001623bc9df90
Event: 18.368 Thread 0x0000016249057900 flushing nmethod 0x000001623bc4c810
Event: 18.368 Thread 0x0000016249057900 flushing nmethod 0x000001623bc03790
Event: 18.368 Thread 0x0000016249057900 flushing nmethod 0x000001623bb8ab10
Event: 18.368 Thread 0x0000016249057900 flushing nmethod 0x000001623baf0910
Event: 18.368 Thread 0x0000016249057900 flushing nmethod 0x000001623baefa90
Event: 18.368 Thread 0x0000016249057900 flushing nmethod 0x000001623baedc10
Event: 18.368 Thread 0x0000016249057900 flushing nmethod 0x000001623bae7990
Event: 18.368 Thread 0x0000016249057900 flushing nmethod 0x000001623ba8b490
Event: 18.368 Thread 0x0000016249057900 flushing nmethod 0x000001623ba71e90
Event: 19.378 Thread 0x0000016291624370 Thread added: 0x0000016291624370
Event: 19.405 Thread 0x0000016291624370 Thread exited: 0x0000016291624370
Event: 19.812 Thread 0x000001629161f3c0 Thread added: 0x000001629161f3c0
Event: 19.866 Thread 0x0000016291623380 Thread added: 0x0000016291623380
Event: 20.062 Thread 0x0000016291625e00 Thread added: 0x0000016291625e00
Event: 20.130 Thread 0x0000016291620e50 Thread added: 0x0000016291620e50
Event: 20.130 Thread 0x00000162916248c0 Thread added: 0x00000162916248c0
Event: 20.142 Thread 0x000001629161ee70 Thread added: 0x000001629161ee70
Event: 20.910 Thread 0x0000016290d4c750 Thread exited: 0x0000016290d4c750


Dynamic libraries:
0x00007ff67c0f0000 - 0x00007ff67c100000 	C:\Program Files\Java\jdk-20\bin\javaw.exe
0x00007ffb045f0000 - 0x00007ffb047e8000 	C:\WINDOWS\SYSTEM32\ntdll.dll
0x00007ffb040d0000 - 0x00007ffb04192000 	C:\WINDOWS\System32\KERNEL32.DLL
0x00007ffb02310000 - 0x00007ffb0260e000 	C:\WINDOWS\System32\KERNELBASE.dll
0x00007ffb01f40000 - 0x00007ffb02040000 	C:\WINDOWS\System32\ucrtbase.dll
0x00007ffaeb6f0000 - 0x00007ffaeb709000 	C:\Program Files\Java\jdk-20\bin\jli.dll
0x00007ffadc470000 - 0x00007ffadc48b000 	C:\Program Files\Java\jdk-20\bin\VCRUNTIME140.dll
0x00007ffb03730000 - 0x00007ffb037e1000 	C:\WINDOWS\System32\ADVAPI32.dll
0x00007ffb03690000 - 0x00007ffb0372e000 	C:\WINDOWS\System32\msvcrt.dll
0x00007ffb039a0000 - 0x00007ffb03a3f000 	C:\WINDOWS\System32\sechost.dll
0x00007ffb02aa0000 - 0x00007ffb02bc3000 	C:\WINDOWS\System32\RPCRT4.dll
0x00007ffb02240000 - 0x00007ffb02267000 	C:\WINDOWS\System32\bcrypt.dll
0x00007ffb042f0000 - 0x00007ffb0448d000 	C:\WINDOWS\System32\USER32.dll
0x00007ffb01df0000 - 0x00007ffb01e12000 	C:\WINDOWS\System32\win32u.dll
0x00007ffaf0dd0000 - 0x00007ffaf106a000 	C:\WINDOWS\WinSxS\amd64_microsoft.windows.common-controls_6595b64144ccf1df_6.0.19041.4355_none_60b8b9eb71f62e16\COMCTL32.dll
0x00007ffb041a0000 - 0x00007ffb041cb000 	C:\WINDOWS\System32\GDI32.dll
0x00007ffb01e20000 - 0x00007ffb01f37000 	C:\WINDOWS\System32\gdi32full.dll
0x00007ffb02270000 - 0x00007ffb0230d000 	C:\WINDOWS\System32\msvcp_win.dll
0x00007ffaf7cc0000 - 0x00007ffaf7cca000 	C:\WINDOWS\SYSTEM32\VERSION.dll
0x00007ffb03660000 - 0x00007ffb0368f000 	C:\WINDOWS\System32\IMM32.DLL
0x00007ffaf8550000 - 0x00007ffaf855c000 	C:\Program Files\Java\jdk-20\bin\vcruntime140_1.dll
0x00007ffa9db30000 - 0x00007ffa9dbbe000 	C:\Program Files\Java\jdk-20\bin\msvcp140.dll
0x00007ffa827a0000 - 0x00007ffa83438000 	C:\Program Files\Java\jdk-20\bin\server\jvm.dll
0x00007ffaf06f0000 - 0x00007ffaf0717000 	C:\WINDOWS\SYSTEM32\WINMM.dll
0x00007ffaeb8a0000 - 0x00007ffaeb8a9000 	C:\WINDOWS\SYSTEM32\WSOCK32.dll
0x00007ffb041d0000 - 0x00007ffb0423b000 	C:\WINDOWS\System32\WS2_32.dll
0x00007ffb00500000 - 0x00007ffb00512000 	C:\WINDOWS\SYSTEM32\kernel.appcore.dll
0x00007ffaf52a0000 - 0x00007ffaf52aa000 	C:\Program Files\Java\jdk-20\bin\jimage.dll
0x00007ffafc510000 - 0x00007ffafc6f4000 	C:\WINDOWS\SYSTEM32\DBGHELP.DLL
0x00007ffaf78f0000 - 0x00007ffaf7924000 	C:\WINDOWS\SYSTEM32\dbgcore.DLL
0x00007ffb020b0000 - 0x00007ffb02132000 	C:\WINDOWS\System32\bcryptPrimitives.dll
0x00007ffad2bd0000 - 0x00007ffad2bf6000 	C:\Program Files\Java\jdk-20\bin\java.dll
0x00007ffa9a720000 - 0x00007ffa9a7f7000 	C:\Program Files\Java\jdk-20\bin\jsvml.dll
0x00007ffb02cd0000 - 0x00007ffb0343d000 	C:\WINDOWS\System32\SHELL32.dll
0x00007ffaffcf0000 - 0x00007ffb00494000 	C:\WINDOWS\SYSTEM32\windows.storage.dll
0x00007ffb02740000 - 0x00007ffb02a93000 	C:\WINDOWS\System32\combase.dll
0x00007ffb016c0000 - 0x00007ffb016ee000 	C:\WINDOWS\SYSTEM32\Wldp.dll
0x00007ffb03510000 - 0x00007ffb035dd000 	C:\WINDOWS\System32\OLEAUT32.dll
0x00007ffb04490000 - 0x00007ffb0453d000 	C:\WINDOWS\System32\SHCORE.dll
0x00007ffb03440000 - 0x00007ffb03495000 	C:\WINDOWS\System32\shlwapi.dll
0x00007ffb01bc0000 - 0x00007ffb01be4000 	C:\WINDOWS\SYSTEM32\profapi.dll
0x00007ffadc3d0000 - 0x00007ffadc3e3000 	C:\Program Files\Java\jdk-20\bin\net.dll
0x00007ffaf8b60000 - 0x00007ffaf8c6d000 	C:\WINDOWS\SYSTEM32\WINHTTP.dll
0x00007ffb01420000 - 0x00007ffb0148a000 	C:\WINDOWS\system32\mswsock.dll
0x00007ffadb100000 - 0x00007ffadb116000 	C:\Program Files\Java\jdk-20\bin\nio.dll
0x00007ffad4ac0000 - 0x00007ffad4ad8000 	C:\Program Files\Java\jdk-20\bin\zip.dll
0x0000000069ac0000 - 0x0000000069ae4000 	C:\Users\SMILE\AppData\Local\Temp\jansi-2.4.0-c805569b36f57de-jansi.dll
0x00007ffaeb740000 - 0x00007ffaeb750000 	C:\Program Files\Java\jdk-20\bin\verify.dll
0x00007ffb01030000 - 0x00007ffb0106b000 	C:\WINDOWS\SYSTEM32\IPHLPAPI.DLL
0x00007ffb03500000 - 0x00007ffb03508000 	C:\WINDOWS\System32\NSI.dll
0x00007ffaf5fc0000 - 0x00007ffaf5fd7000 	C:\WINDOWS\SYSTEM32\dhcpcsvc6.DLL
0x00007ffaf6dc0000 - 0x00007ffaf6ddd000 	C:\WINDOWS\SYSTEM32\dhcpcsvc.DLL
0x00007ffb010d0000 - 0x00007ffb0119a000 	C:\WINDOWS\SYSTEM32\DNSAPI.dll
0x00007ffade2e0000 - 0x00007ffade2e7000 	C:\Program Files\Java\jdk-20\bin\extnet.dll
0x00007ffb01620000 - 0x00007ffb01638000 	C:\WINDOWS\SYSTEM32\CRYPTSP.dll
0x00007ffb00c70000 - 0x00007ffb00ca4000 	C:\WINDOWS\system32\rsaenh.dll
0x00007ffb01b80000 - 0x00007ffb01bae000 	C:\WINDOWS\SYSTEM32\USERENV.dll
0x00007ffb01610000 - 0x00007ffb0161c000 	C:\WINDOWS\SYSTEM32\CRYPTBASE.dll

dbghelp: loaded successfully - version: 4.0.5 - missing functions: none
symbol engine: initialized successfully - sym options: 0x614 - pdb path: .;C:\Program Files\Java\jdk-20\bin;C:\WINDOWS\SYSTEM32;C:\WINDOWS\WinSxS\amd64_microsoft.windows.common-controls_6595b64144ccf1df_6.0.19041.4355_none_60b8b9eb71f62e16;C:\Program Files\Java\jdk-20\bin\server;C:\Users\SMILE\AppData\Local\Temp

VM Arguments:
jvm_args: -Dmaven.home=EMBEDDED -Dclassworlds.conf=C:\Users\SMILE\selenium_course\.metadata\.plugins\org.eclipse.m2e.launching\launches\m2conf14990718487526797107.tmp -Dmaven.multiModuleProjectDirectory=C:\Users\SMILE\Desktop\gitDsAlgo\dsalgoproject -Dm2e.build.project.data.socket.port=57764 -Dfile.encoding=UTF-8 -XX:+ShowCodeDetailsInExceptionMessages 
java_command: org.codehaus.plexus.classworlds.launcher.Launcher -B -Dstyle.color=always install
java_class_path (initial): C:\Users\SMILE\.p2\pool\plugins\org.eclipse.m2e.maven.runtime_3.9.100.20230519-1558\jars\plexus-classworlds-2.6.0.jar
Launcher Type: SUN_STANDARD

[Global flags]
     intx CICompilerCount                          = 4                                         {product} {ergonomic}
     uint ConcGCThreads                            = 2                                         {product} {ergonomic}
     uint G1ConcRefinementThreads                  = 8                                         {product} {ergonomic}
   size_t G1HeapRegionSize                         = 1048576                                   {product} {ergonomic}
    uintx GCDrainStackTargetSize                   = 64                                        {product} {ergonomic}
   size_t InitialHeapSize                          = 134217728                                 {product} {ergonomic}
   size_t MarkStackSize                            = 4194304                                   {product} {ergonomic}
   size_t MaxHeapSize                              = 2118123520                                {product} {ergonomic}
   size_t MaxNewSize                               = 1270874112                                {product} {ergonomic}
   size_t MinHeapDeltaBytes                        = 1048576                                   {product} {ergonomic}
   size_t MinHeapSize                              = 8388608                                   {product} {ergonomic}
    uintx NonNMethodCodeHeapSize                   = 5839372                                {pd product} {ergonomic}
    uintx NonProfiledCodeHeapSize                  = 122909434                              {pd product} {ergonomic}
    uintx ProfiledCodeHeapSize                     = 122909434                              {pd product} {ergonomic}
    uintx ReservedCodeCacheSize                    = 251658240                              {pd product} {ergonomic}
     bool SegmentedCodeCache                       = true                                      {product} {ergonomic}
     bool ShowCodeDetailsInExceptionMessages       = true                                   {manageable} {command line}
   size_t SoftMaxHeapSize                          = 2118123520                             {manageable} {ergonomic}
     bool UseCompressedClassPointers               = true                           {product lp64_product} {ergonomic}
     bool UseCompressedOops                        = true                           {product lp64_product} {ergonomic}
     bool UseG1GC                                  = true                                      {product} {ergonomic}
     bool UseLargePagesIndividualAllocation        = false                                  {pd product} {ergonomic}

Logging:
Log output configuration:
 #0: stdout all=warning uptime,level,tags foldmultilines=false
 #1: stderr all=off uptime,level,tags foldmultilines=false

Environment Variables:
JAVA_HOME=C:\Program Files\Java\jdk-20
PATH=C:\Program Files\Common Files\Oracle\Java\javapath;C:\WINDOWS\system32;C:\WINDOWS;C:\WINDOWS\System32\Wbem;C:\WINDOWS\System32\WindowsPowerShell\v1.0\;C:\WINDOWS\System32\OpenSSH\;C:\Program Files (x86)\Intel\Intel(R) Management Engine Components\DAL;C:\Program Files\Intel\Intel(R) Management Engine Components\DAL;C:\Program Files (x86)\Intel\Intel(R) Management Engine Components\IPT;C:\Program Files\Intel\Intel(R) Management Engine Components\IPT;C:\Program Files\Intel\WiFi\bin\;C:\Program Files\Common Files\Intel\WirelessCommon\;C:\Program Files\Java\jdk-20\bin;C:\Program Files\Microsoft SQL Server\150\Tools\Binn\;C:\Program Files\Microsoft SQL Server\Client SDK\ODBC\170\Tools\Binn\;C:\Program Files\dotnet\;C:\Program Files\nodejs\;%MAVEN_HOME%\bin;C:\Program Files\Java\jdk-20\bin;C:\Program Files\Git\cmd;C:\Users\SMILE\AppData\Local\Microsoft\WindowsApps;C:\Users\SMILE\.dotnet\tools;C:\Users\SMILE\AppData\Local\Programs\Microsoft VS Code\bin;C:\Program Files\JetBrains\IntelliJ IDEA Community Edition 2023.2.1\bin;;C:\Users\SMILE\AppData\Roaming\npm
USERNAME=SMILE
OS=Windows_NT
PROCESSOR_IDENTIFIER=Intel64 Family 6 Model 142 Stepping 10, GenuineIntel
TMP=C:\Users\SMILE\AppData\Local\Temp
TEMP=C:\Users\SMILE\AppData\Local\Temp




---------------  S Y S T E M  ---------------

OS:
 Windows 10 , 64 bit Build 19041 (10.0.19041.5198)
OS uptime: 10 days 0:07 hours

CPU: total 8 (initial active 8) (4 cores per cpu, 2 threads per core) family 6 model 142 stepping 10 microcode 0xe0, cx8, cmov, fxsr, ht, mmx, 3dnowpref, sse, sse2, sse3, ssse3, sse4.1, sse4.2, popcnt, lzcnt, tsc, tscinvbit, avx, avx2, aes, erms, clmul, bmi1, bmi2, adx, fma, vzeroupper, clflush, clflushopt, rdtscp, f16c

Memory: 4k page, system-wide physical 8072M (267M free)
TotalPageFile size 32648M (AvailPageFile size 7M)
current process WorkingSet (physical memory assigned to process): 230M, peak: 276M
current process commit charge ("private bytes"): 274M, peak: 326M

vm_info: Java HotSpot(TM) 64-Bit Server VM (20.0.2+9-78) for windows-amd64 JRE (20.0.2+9-78), built on 2023-06-14T10:08:48Z by "mach5one" with MS VC++ 17.1 (VS2022)

END.
