#
# There is insufficient memory for the Java Runtime Environment to continue.
# Native memory allocation (mmap) failed to map 65536 bytes for Failed to commit metaspace.
# Possible reasons:
#   The system is out of physical RAM or swap space
#   The process is running with CompressedOops enabled, and the Java Heap may be blocking the growth of the native heap
# Possible solutions:
#   Reduce memory load on the system
#   Increase physical memory or swap space
#   Check if swap backing store is full
#   Decrease Java heap size (-Xmx/-Xms)
#   Decrease number of Java threads
#   Decrease Java thread stack sizes (-Xss)
#   Set larger code cache with -XX:ReservedCodeCacheSize=
#   JVM is running with Unscaled Compressed Oops mode in which the Java heap is
#     placed in the first 4GB address space. The Java Heap base address is the
#     maximum limit for the native heap growth. Please use -XX:HeapBaseMinAddress
#     to set the Java Heap base and to place the Java Heap above 4GB virtual address.
# This output file may be truncated or incomplete.
#
#  Out of Memory Error (virtualSpaceNode.cpp:110), pid=77240, tid=34008
#
# JRE version: Java(TM) SE Runtime Environment (20.0.2+9) (build 20.0.2+9-78)
# Java VM: Java HotSpot(TM) 64-Bit Server VM (20.0.2+9-78, mixed mode, sharing, tiered, compressed oops, compressed class ptrs, g1 gc, windows-amd64)
# No core dump will be written. Minidumps are not enabled by default on client versions of Windows
#

---------------  S U M M A R Y ------------

Command Line: -ea -Dfile.encoding=UTF-8 -XX:+ShowCodeDetailsInExceptionMessages org.testng.remote.RemoteTestNG -serport 58295 -protocol json -d C:\Users\SMILE\Desktop\gitDsAlgo\dsalgoproject\test-output C:\Users\SMILE\AppData\Local\Temp\testng-eclipse-817004158\testng-customsuite.xml

Host: Intel(R) Core(TM) i7-8550U CPU @ 1.80GHz, 8 cores, 7G,  Windows 10 , 64 bit Build 19041 (10.0.19041.5198)
Time: Thu Dec 26 18:01:36 2024 Eastern Standard Time elapsed time: 6.040650 seconds (0d 0h 0m 6s)

---------------  T H R E A D  ---------------

Current thread (0x000001f7904c85a0):  JavaThread "Forwarding newSession on session null to remote" [_thread_in_vm, id=34008, stack(0x000000bae6300000,0x000000bae6400000)]

Stack: [0x000000bae6300000,0x000000bae6400000]
Native frames: (J=compiled Java code, j=interpreted, Vv=VM code, C=native code)
V  [jvm.dll+0x6bc25a]
V  [jvm.dll+0x84971a]
V  [jvm.dll+0x84b315]
V  [jvm.dll+0x84ba13]
V  [jvm.dll+0x280e4f]
V  [jvm.dll+0x84565b]
V  [jvm.dll+0x660616]
V  [jvm.dll+0x1eb7b7]
V  [jvm.dll+0x663032]
V  [jvm.dll+0x662e1e]
V  [jvm.dll+0x66102e]
V  [jvm.dll+0x26c9df]
V  [jvm.dll+0x66b665]
V  [jvm.dll+0x21b712]
V  [jvm.dll+0x21bc45]
V  [jvm.dll+0x21c631]
V  [jvm.dll+0x211a50]
V  [jvm.dll+0x59c7cc]
V  [jvm.dll+0x22303a]
V  [jvm.dll+0x7c38c4]
V  [jvm.dll+0x7c4a0f]
V  [jvm.dll+0x7c4fbf]
V  [jvm.dll+0x7c4c68]
V  [jvm.dll+0x2705bb]
V  [jvm.dll+0x3d89fe]
C  0x000001f73c94f8df

Java frames: (J=compiled Java code, j=interpreted, Vv=VM code)
j  java.util.TreeMap$EntrySet.spliterator()Ljava/util/Spliterator;+0 java.base@20.0.2
j  java.util.Collections$UnmodifiableMap$UnmodifiableEntrySet.spliterator()Ljava/util/Spliterator;+8 java.base@20.0.2
j  java.util.Collections$UnmodifiableMap$UnmodifiableEntrySet.stream()Ljava/util/stream/Stream;+1 java.base@20.0.2
j  org.openqa.selenium.SharedCapabilitiesMethods.abbreviate(Ljava/util/Map;Ljava/lang/Object;)Ljava/lang/String;+164
j  org.openqa.selenium.SharedCapabilitiesMethods.toString(Lorg/openqa/selenium/Capabilities;)Ljava/lang/String;+15
j  org.openqa.selenium.MutableCapabilities.toString()Ljava/lang/String;+1
J 2730 c1 java.lang.StringBuilder.append(Ljava/lang/Object;)Ljava/lang/StringBuilder; java.base@20.0.2 (9 bytes) @ 0x000001f73590d134 [0x000001f73590d0a0+0x0000000000000094]
j  java.util.AbstractCollection.toString()Ljava/lang/String;+51 java.base@20.0.2
J 2730 c1 java.lang.StringBuilder.append(Ljava/lang/Object;)Ljava/lang/StringBuilder; java.base@20.0.2 (9 bytes) @ 0x000001f73590d134 [0x000001f73590d0a0+0x0000000000000094]
j  java.util.AbstractMap.toString()Ljava/lang/String;+102 java.base@20.0.2
J 3587 c2 java.lang.String.valueOf(Ljava/lang/Object;)Ljava/lang/String; java.base@20.0.2 (15 bytes) @ 0x000001f73d050fd8 [0x000001f73d050f80+0x0000000000000058]
j  org.openqa.selenium.remote.Command.toString()Ljava/lang/String;+15
j  org.openqa.selenium.remote.RemoteWebDriver.execute(Lorg/openqa/selenium/remote/CommandPayload;)Lorg/openqa/selenium/remote/Response;+314
j  org.openqa.selenium.remote.RemoteWebDriver.startSession(Lorg/openqa/selenium/Capabilities;)V+18
j  org.openqa.selenium.remote.RemoteWebDriver.<init>(Lorg/openqa/selenium/remote/CommandExecutor;Lorg/openqa/selenium/Capabilities;)V+88
j  org.openqa.selenium.chromium.ChromiumDriver.<init>(Lorg/openqa/selenium/remote/CommandExecutor;Lorg/openqa/selenium/Capabilities;Ljava/lang/String;)V+3
j  org.openqa.selenium.chrome.ChromeDriver.<init>(Lorg/openqa/selenium/chrome/ChromeDriverService;Lorg/openqa/selenium/chrome/ChromeOptions;Lorg/openqa/selenium/remote/http/ClientConfig;)V+10
j  org.openqa.selenium.chrome.ChromeDriver.<init>(Lorg/openqa/selenium/chrome/ChromeDriverService;Lorg/openqa/selenium/chrome/ChromeOptions;)V+6
j  org.openqa.selenium.chrome.ChromeDriver.<init>()V+11
j  DriverManager.DriverFactory.createDriver(Ljava/lang/String;)V+120
j  DriverManager.DriverFactory.getDriver()Lorg/openqa/selenium/WebDriver;+15
j  hooks.DsalgoHooks.setUp(Lio/cucumber/java/Scenario;)V+87
j  java.lang.invoke.DirectMethodHandle$Holder.invokeVirtual(Ljava/lang/Object;Ljava/lang/Object;Ljava/lang/Object;)V+11 java.base@20.0.2
j  java.lang.invoke.LambdaForm$MH+0x000001f74b12c000.invoke(Ljava/lang/Object;Ljava/lang/Object;Ljava/lang/Object;)Ljava/lang/Object;+52 java.base@20.0.2
J 2242 c1 io.cucumber.java.Invoker.doInvoke(Lio/cucumber/core/backend/Located;Ljava/lang/Object;Ljava/lang/reflect/Method;[Ljava/lang/Object;)Ljava/lang/Object; (116 bytes) @ 0x000001f73583134c [0x000001f73582e580+0x0000000000002dcc]
J 2257 c1 io.cucumber.java.Invoker.invoke(Lio/cucumber/core/backend/Located;Ljava/lang/Object;Ljava/lang/reflect/Method;[Ljava/lang/Object;)Ljava/lang/Object; (16 bytes) @ 0x000001f73583e8c4 [0x000001f73583e820+0x00000000000000a4]
j  io.cucumber.java.AbstractGlueDefinition.invokeMethod([Ljava/lang/Object;)Ljava/lang/Object;+45
j  io.cucumber.java.JavaHookDefinition.execute(Lio/cucumber/core/backend/TestCaseState;)V+38
j  io.cucumber.core.runner.CoreHookDefinition.execute(Lio/cucumber/core/backend/TestCaseState;)V+5
j  io.cucumber.core.runner.HookDefinitionMatch.runStep(Lio/cucumber/core/backend/TestCaseState;)V+5
j  io.cucumber.core.runner.ExecutionMode$1.execute(Lio/cucumber/core/runner/StepDefinitionMatch;Lio/cucumber/core/runner/TestCaseState;)Lio/cucumber/plugin/event/Status;+2
j  io.cucumber.core.runner.TestStep.executeStep(Lio/cucumber/core/runner/TestCaseState;Lio/cucumber/core/runner/ExecutionMode;)Lio/cucumber/plugin/event/Status;+14
j  io.cucumber.core.runner.TestStep.run(Lio/cucumber/plugin/event/TestCase;Lio/cucumber/core/eventbus/EventBus;Lio/cucumber/core/runner/TestCaseState;Lio/cucumber/core/runner/ExecutionMode;)Lio/cucumber/core/runner/ExecutionMode;+27
j  io.cucumber.core.runner.TestCase.run(Lio/cucumber/core/eventbus/EventBus;)V+89
j  io.cucumber.core.runner.Runner.runPickle(Lio/cucumber/core/gherkin/Pickle;)V+38
j  io.cucumber.testng.TestNGCucumberRunner.lambda$runScenario$1(Lio/cucumber/testng/Pickle;Lio/cucumber/core/runner/Runner;)V+15
j  io.cucumber.testng.TestNGCucumberRunner$$Lambda$397+0x000001f74b176308.accept(Ljava/lang/Object;)V+8
j  io.cucumber.core.runtime.CucumberExecutionContext.lambda$runTestCase$5(Ljava/util/function/Consumer;Lio/cucumber/core/runner/Runner;)V+2
j  io.cucumber.core.runtime.CucumberExecutionContext$$Lambda$399+0x000001f74b176758.run()V+8
j  io.cucumber.core.runtime.RethrowingThrowableCollector.executeAndThrow(Ljava/lang/Runnable;)V+1
j  io.cucumber.core.runtime.CucumberExecutionContext.runTestCase(Ljava/util/function/Consumer;)V+16
j  io.cucumber.testng.TestNGCucumberRunner.runScenario(Lio/cucumber/testng/Pickle;)V+10
j  io.cucumber.testng.AbstractTestNGCucumberTests.runScenario(Lio/cucumber/testng/PickleWrapper;Lio/cucumber/testng/FeatureWrapper;)V+10
j  java.lang.invoke.LambdaForm$DMH+0x000001f74b179800.invokeVirtual(Ljava/lang/Object;Ljava/lang/Object;Ljava/lang/Object;Ljava/lang/Object;)V+14 java.base@20.0.2
j  java.lang.invoke.LambdaForm$MH+0x000001f74b17b000.invoke(Ljava/lang/Object;Ljava/lang/Object;Ljava/lang/Object;Ljava/lang/Object;)Ljava/lang/Object;+73 java.base@20.0.2
j  java.lang.invoke.LambdaForm$MH+0x000001f74b17b400.invokeExact_MT(Ljava/lang/Object;Ljava/lang/Object;Ljava/lang/Object;Ljava/lang/Object;Ljava/lang/Object;)Ljava/lang/Object;+22 java.base@20.0.2
j  jdk.internal.reflect.DirectMethodHandleAccessor.invokeImpl(Ljava/lang/Object;[Ljava/lang/Object;)Ljava/lang/Object;+72 java.base@20.0.2
j  jdk.internal.reflect.DirectMethodHandleAccessor.invoke(Ljava/lang/Object;[Ljava/lang/Object;)Ljava/lang/Object;+23 java.base@20.0.2
j  java.lang.reflect.Method.invoke(Ljava/lang/Object;[Ljava/lang/Object;)Ljava/lang/Object;+102 java.base@20.0.2
j  org.testng.internal.invokers.MethodInvocationHelper.invokeMethod(Ljava/lang/reflect/Method;Ljava/lang/Object;[Ljava/lang/Object;)Ljava/lang/Object;+198
j  org.testng.internal.invokers.TestInvoker.invokeMethod(Lorg/testng/internal/invokers/TestMethodArguments;Lorg/testng/xml/XmlSuite;Lorg/testng/internal/invokers/ITestInvoker$FailureContext;)Lorg/testng/ITestResult;+1028
j  org.testng.internal.invokers.TestInvoker.invokeTestMethod(Lorg/testng/internal/invokers/TestMethodArguments;Lorg/testng/xml/XmlSuite;Lorg/testng/internal/invokers/ITestInvoker$FailureContext;)Lorg/testng/ITestResult;+16
j  org.testng.internal.invokers.TestMethodWithDataProviderMethodWorker.call()Ljava/util/List;+127
j  org.testng.internal.thread.Async$AsyncTask.run()V+18
j  java.util.concurrent.ThreadPoolExecutor.runWorker(Ljava/util/concurrent/ThreadPoolExecutor$Worker;)V+92 java.base@20.0.2
j  java.util.concurrent.ThreadPoolExecutor$Worker.run()V+5 java.base@20.0.2
j  java.lang.Thread.runWith(Ljava/lang/Object;Ljava/lang/Runnable;)V+5 java.base@20.0.2
j  java.lang.Thread.run()V+19 java.base@20.0.2
v  ~StubRoutines::call_stub 0x000001f73c92100d
