#
# There is insufficient memory for the Java Runtime Environment to continue.
# Native memory allocation (malloc) failed to allocate 301376 bytes for Chunk::new
# Possible reasons:
#   The system is out of physical RAM or swap space
#   The process is running with CompressedOops enabled, and the Java Heap may be blocking the growth of the native heap
# Possible solutions:
#   Reduce memory load on the system
#   Increase physical memory or swap space
#   Check if swap backing store is full
#   Decrease Java heap size (-Xmx/-Xms)
#   Decrease number of Java threads
#   Decrease Java thread stack sizes (-Xss)
#   Set larger code cache with -XX:ReservedCodeCacheSize=
#   JVM is running with Unscaled Compressed Oops mode in which the Java heap is
#     placed in the first 4GB address space. The Java Heap base address is the
#     maximum limit for the native heap growth. Please use -XX:HeapBaseMinAddress
#     to set the Java Heap base and to place the Java Heap above 4GB virtual address.
# This output file may be truncated or incomplete.
#
#  Out of Memory Error (arena.cpp:184), pid=85236, tid=85344
#
# JRE version: Java(TM) SE Runtime Environment (20.0.2+9) (build 20.0.2+9-78)
# Java VM: Java HotSpot(TM) 64-Bit Server VM (20.0.2+9-78, mixed mode, sharing, tiered, compressed oops, compressed class ptrs, g1 gc, windows-amd64)
# No core dump will be written. Minidumps are not enabled by default on client versions of Windows
#

---------------  S U M M A R Y ------------

Command Line: C:\Users\SMILE\AppData\Local\Temp\surefire1581758370461097015\surefirebooter-20241226175245077_3.jar C:\Users\SMILE\AppData\Local\Temp\surefire1581758370461097015 2024-12-26T17-52-44_582-jvmRun1 surefire-20241226175245077_1tmp surefire_0-20241226175245077_2tmp

Host: Intel(R) Core(TM) i7-8550U CPU @ 1.80GHz, 8 cores, 7G,  Windows 10 , 64 bit Build 19041 (10.0.19041.5198)
Time: Thu Dec 26 17:52:51 2024 Eastern Standard Time elapsed time: 6.129059 seconds (0d 0h 0m 6s)

---------------  T H R E A D  ---------------

Current thread (0x0000017fb646ca20):  JavaThread "C2 CompilerThread0" daemon [_thread_in_native, id=85344, stack(0x0000002383500000,0x0000002383600000)]


Current CompileTask:
C2:   6129 3464       4       java.util.regex.Pattern::compile (537 bytes)

Stack: [0x0000002383500000,0x0000002383600000]
Native frames: (J=compiled Java code, j=interpreted, Vv=VM code, C=native code)
V  [jvm.dll+0x6bc25a]
V  [jvm.dll+0x84971a]
V  [jvm.dll+0x84b315]
V  [jvm.dll+0x84ba13]
V  [jvm.dll+0x280e4f]
V  [jvm.dll+0xc2ab1]
V  [jvm.dll+0xc2dd5]
V  [jvm.dll+0x2f611f]
V  [jvm.dll+0x5e3b0b]
V  [jvm.dll+0x254684]
V  [jvm.dll+0x24cb12]
V  [jvm.dll+0x24a819]
V  [jvm.dll+0x1ce761]
V  [jvm.dll+0x25a0eb]
V  [jvm.dll+0x2587c0]
V  [jvm.dll+0x3f2dd5]
V  [jvm.dll+0x7f5c76]
V  [jvm.dll+0x6baecb]
C  [ucrtbase.dll+0x21bb2]
C  [KERNEL32.DLL+0x17374]
C  [ntdll.dll+0x4cc91]


---------------  P R O C E S S  ---------------

Threads class SMR info:
_java_thread_list=0x0000017ffce45650, length=31, elements={
0x0000017f99a86fe0, 0x0000017fb6459360, 0x0000017fb645af70, 0x0000017fb645eac0,
0x0000017fb6460690, 0x0000017fb6461770, 0x0000017fb64648a0, 0x0000017fb646ca20,
0x0000017fb648f3c0, 0x0000017ffb919100, 0x0000017ffb918bb0, 0x0000017ffb917670,
0x0000017ffb919650, 0x0000017ffb917120, 0x0000017ffb918660, 0x0000017ffcb40b50,
0x0000017ffcb400b0, 0x0000017ffcb445c0, 0x0000017ffcb46050, 0x0000017ffcb415f0,
0x0000017ffcb43080, 0x0000017ffcb40600, 0x0000017ffcb47590, 0x0000017ffcb41b40,
0x0000017ffcb465a0, 0x0000017ffcb410a0, 0x0000017ffcb44070, 0x0000017ffcb47ae0,
0x0000017ffcb42090, 0x0000017ffcb425e0, 0x0000017ffcb46af0
}

Java Threads: ( => current thread )
  0x0000017f99a86fe0 JavaThread "main" [_thread_blocked, id=101928, stack(0x0000002382800000,0x0000002382900000)]
  0x0000017fb6459360 JavaThread "Reference Handler" daemon [_thread_blocked, id=105176, stack(0x0000002382f00000,0x0000002383000000)]
  0x0000017fb645af70 JavaThread "Finalizer" daemon [_thread_blocked, id=99420, stack(0x0000002383000000,0x0000002383100000)]
  0x0000017fb645eac0 JavaThread "Signal Dispatcher" daemon [_thread_blocked, id=85044, stack(0x0000002383100000,0x0000002383200000)]
  0x0000017fb6460690 JavaThread "Attach Listener" daemon [_thread_blocked, id=102632, stack(0x0000002383200000,0x0000002383300000)]
  0x0000017fb6461770 JavaThread "Service Thread" daemon [_thread_blocked, id=101072, stack(0x0000002383300000,0x0000002383400000)]
  0x0000017fb64648a0 JavaThread "Monitor Deflation Thread" daemon [_thread_blocked, id=101388, stack(0x0000002383400000,0x0000002383500000)]
=>0x0000017fb646ca20 JavaThread "C2 CompilerThread0" daemon [_thread_in_native, id=85344, stack(0x0000002383500000,0x0000002383600000)]
  0x0000017fb648f3c0 JavaThread "C1 CompilerThread0" daemon [_thread_blocked, id=100440, stack(0x0000002383600000,0x0000002383700000)]
  0x0000017ffb919100 JavaThread "Notification Thread" daemon [_thread_blocked, id=98360, stack(0x0000002383700000,0x0000002383800000)]
  0x0000017ffb918bb0 JavaThread "Common-Cleaner" daemon [_thread_blocked, id=104052, stack(0x0000002383900000,0x0000002383a00000)]
  0x0000017ffb917670 JavaThread "surefire-forkedjvm-stream-flusher" daemon [_thread_blocked, id=54468, stack(0x0000002383a00000,0x0000002383b00000)]
  0x0000017ffb919650 JavaThread "surefire-forkedjvm-command-thread" daemon [_thread_in_native, id=99292, stack(0x0000002383b00000,0x0000002383c00000)]
  0x0000017ffb917120 JavaThread "TestNG-tests-1" [_thread_blocked, id=102196, stack(0x0000002384300000,0x0000002384400000)]
  0x0000017ffb918660 JavaThread "TestNG-PoolService-1" [_thread_blocked, id=88820, stack(0x0000002384400000,0x0000002384500000)]
  0x0000017ffcb40b50 JavaThread "TestNG-PoolService-2" [_thread_in_native, id=95172, stack(0x0000002384500000,0x0000002384600000)]
  0x0000017ffcb400b0 JavaThread "TestNG-PoolService-3" [_thread_in_native, id=56852, stack(0x0000002384600000,0x0000002384700000)]
  0x0000017ffcb445c0 JavaThread "TestNG-PoolService-4" [_thread_blocked, id=93048, stack(0x0000002384700000,0x0000002384800000)]
  0x0000017ffcb46050 JavaThread "TestNG-PoolService-5" [_thread_in_native, id=96512, stack(0x0000002384800000,0x0000002384900000)]
  0x0000017ffcb415f0 JavaThread "TestNG-PoolService-6" [_thread_in_native, id=101464, stack(0x0000002384900000,0x0000002384a00000)]
  0x0000017ffcb43080 JavaThread "TestNG-PoolService-7" [_thread_in_native, id=101476, stack(0x0000002384a00000,0x0000002384b00000)]
  0x0000017ffcb40600 JavaThread "TestNG-PoolService-8" [_thread_in_native, id=83568, stack(0x0000002384b00000,0x0000002384c00000)]
  0x0000017ffcb47590 JavaThread "TestNG-PoolService-9" [_thread_in_native, id=87412, stack(0x0000002384c00000,0x0000002384d00000)]
  0x0000017ffcb41b40 JavaThread "TestNG-PoolService-10" [_thread_in_native, id=92688, stack(0x0000002384d00000,0x0000002384e00000)]
  0x0000017ffcb465a0 JavaThread "External Process Output Forwarder - C:\Users\SMILE\.cache\selenium\manager\0.4.27\selenium-manager.exe" daemon [_thread_in_native, id=66640, stack(0x0000002384e00000,0x0000002384f00000)]
  0x0000017ffcb410a0 JavaThread "External Process Output Forwarder - C:\Users\SMILE\.cache\selenium\manager\0.4.27\selenium-manager.exe" daemon [_thread_in_native, id=102568, stack(0x0000002384f00000,0x0000002385000000)]
  0x0000017ffcb44070 JavaThread "External Process Output Forwarder - C:\Users\SMILE\.cache\selenium\manager\0.4.27\selenium-manager.exe" daemon [_thread_in_native, id=103484, stack(0x0000002385000000,0x0000002385100000)]
  0x0000017ffcb47ae0 JavaThread "External Process Output Forwarder - C:\Users\SMILE\.cache\selenium\manager\0.4.27\selenium-manager.exe" daemon [_thread_in_native, id=105996, stack(0x0000002385100000,0x0000002385200000)]
  0x0000017ffcb42090 JavaThread "External Process Output Forwarder - C:\Users\SMILE\.cache\selenium\manager\0.4.27\selenium-manager.exe" daemon [_thread_in_native, id=74368, stack(0x0000002385200000,0x0000002385300000)]
  0x0000017ffcb425e0 JavaThread "External Process Output Forwarder - C:\Users\SMILE\.cache\selenium\manager\0.4.27\selenium-manager.exe" daemon [_thread_in_native, id=34008, stack(0x0000002385400000,0x0000002385500000)]
  0x0000017ffcb46af0 JavaThread "External Process Output Forwarder - C:\Users\SMILE\.cache\selenium\manager\0.4.27\selenium-manager.exe" daemon [_thread_in_native, id=88956, stack(0x0000002385300000,0x0000002385400000)]

Other Threads:
  0x0000017fb6438f10 VMThread "VM Thread" [stack: 0x0000002382e00000,0x0000002382f00000] [id=100456]
  0x0000017ffb92e0a0 WatcherThread "VM Periodic Task Thread" [stack: 0x0000002383800000,0x0000002383900000] [id=101460]
  0x0000017f99ae65c0 WorkerThread "GC Thread#0" [stack: 0x0000002382900000,0x0000002382a00000] [id=95544]
  0x0000017ffc829190 WorkerThread "GC Thread#1" [stack: 0x0000002383c00000,0x0000002383d00000] [id=105612]
  0x0000017ffc827840 WorkerThread "GC Thread#2" [stack: 0x0000002383d00000,0x0000002383e00000] [id=84196]
  0x0000017ffc828bf0 WorkerThread "GC Thread#3" [stack: 0x0000002383e00000,0x0000002383f00000] [id=95020]
  0x0000017ffc828920 WorkerThread "GC Thread#4" [stack: 0x0000002383f00000,0x0000002384000000] [id=65064]
  0x0000017ffc827b10 WorkerThread "GC Thread#5" [stack: 0x0000002384000000,0x0000002384100000] [id=105392]
  0x0000017ffc828650 WorkerThread "GC Thread#6" [stack: 0x0000002384100000,0x0000002384200000] [id=104468]
  0x0000017ffc828380 WorkerThread "GC Thread#7" [stack: 0x0000002384200000,0x0000002384300000] [id=89204]
  0x0000017f99af7100 ConcurrentGCThread "G1 Main Marker" [stack: 0x0000002382a00000,0x0000002382b00000] [id=63264]
  0x0000017f99af80e0 WorkerThread "G1 Conc#0" [stack: 0x0000002382b00000,0x0000002382c00000] [id=54816]
  0x0000017f99b4e920 ConcurrentGCThread "G1 Refine#0" [stack: 0x0000002382c00000,0x0000002382d00000] [id=78512]
  0x0000017fb62ec510 ConcurrentGCThread "G1 Service" [stack: 0x0000002382d00000,0x0000002382e00000] [id=89156]

Threads with active compile tasks:
C2 CompilerThread0     6312 3464       4       java.util.regex.Pattern::compile (537 bytes)

VM state: not at safepoint (normal execution)

VM Mutex/Monitor currently owned by a thread: None

Heap address: 0x0000000081c00000, size: 2020 MB, Compressed Oops mode: 32-bit

CDS archive(s) mapped at: [0x0000017fb6800000-0x0000017fb7460000-0x0000017fb7460000), size 12976128, SharedBaseAddress: 0x0000017fb6800000, ArchiveRelocationMode: 1.
Compressed class space mapped at: 0x0000017fb7800000-0x0000017ff7800000, reserved size: 1073741824
Narrow klass base: 0x0000017fb6800000, Narrow klass shift: 0, Narrow klass range: 0x100000000

GC Precious Log:
 CardTable entry size: 512
 Card Set container configuration: InlinePtr #cards 5 size 8 Array Of Cards #cards 12 size 40 Howl #buckets 4 coarsen threshold 1843 Howl Bitmap #cards 512 size 80 coarsen threshold 460 Card regions per heap region 1 cards per card region 2048
 CPUs: 8 total, 8 available
 Memory: 8072M
 Large Page Support: Disabled
 NUMA Support: Disabled
 Compressed Oops: Enabled (32-bit)
 Heap Region Size: 1M
 Heap Min Capacity: 8M
 Heap Initial Capacity: 128M
 Heap Max Capacity: 2020M
 Pre-touch: Disabled
 Parallel Workers: 8
 Concurrent Workers: 2
 Concurrent Refinement Workers: 8
 Periodic GC: Disabled

Heap:
 garbage-first heap   total 131072K, used 84944K [0x0000000081c00000, 0x0000000100000000)
  region size 1024K, 74 young (75776K), 8 survivors (8192K)
 Metaspace       used 18580K, committed 19264K, reserved 1114112K
  class space    used 2520K, committed 2816K, reserved 1048576K

Heap Regions: E=young(eden), S=young(survivor), O=old, HS=humongous(starts), HC=humongous(continues), CS=collection set, F=free, OA=open archive, CA=closed archive, TAMS=top-at-mark-start, PB=parsable bottom
|   0|0x0000000081c00000, 0x0000000081d00000, 0x0000000081d00000|100%|HS|  |TAMS 0x0000000081c00000| PB 0x0000000081c00000| Complete 
|   1|0x0000000081d00000, 0x0000000081e00000, 0x0000000081e00000|100%| O|  |TAMS 0x0000000081d00000| PB 0x0000000081d00000| Untracked 
|   2|0x0000000081e00000, 0x0000000081f00000, 0x0000000081f00000|100%| O|  |TAMS 0x0000000081e00000| PB 0x0000000081e00000| Untracked 
|   3|0x0000000081f00000, 0x0000000082000000, 0x0000000082000000|100%| O|  |TAMS 0x0000000081f00000| PB 0x0000000081f00000| Untracked 
|   4|0x0000000082000000, 0x0000000082100000, 0x0000000082100000|100%| O|  |TAMS 0x0000000082000000| PB 0x0000000082000000| Untracked 
|   5|0x0000000082100000, 0x0000000082200000, 0x0000000082200000|100%| O|  |TAMS 0x0000000082100000| PB 0x0000000082100000| Untracked 
|   6|0x0000000082200000, 0x0000000082300000, 0x0000000082300000|100%| O|  |TAMS 0x0000000082200000| PB 0x0000000082200000| Untracked 
|   7|0x0000000082300000, 0x0000000082400000, 0x0000000082400000|100%| O|  |TAMS 0x0000000082300000| PB 0x0000000082300000| Untracked 
|   8|0x0000000082400000, 0x0000000082500000, 0x0000000082500000|100%| O|  |TAMS 0x0000000082400000| PB 0x0000000082400000| Untracked 
|   9|0x0000000082500000, 0x0000000082600000, 0x0000000082600000|100%| O|  |TAMS 0x0000000082500000| PB 0x0000000082500000| Untracked 
|  10|0x0000000082600000, 0x0000000082600000, 0x0000000082700000|  0%| F|  |TAMS 0x0000000082600000| PB 0x0000000082600000| Untracked 
|  11|0x0000000082700000, 0x0000000082700000, 0x0000000082800000|  0%| F|  |TAMS 0x0000000082700000| PB 0x0000000082700000| Untracked 
|  12|0x0000000082800000, 0x0000000082800000, 0x0000000082900000|  0%| F|  |TAMS 0x0000000082800000| PB 0x0000000082800000| Untracked 
|  13|0x0000000082900000, 0x0000000082900000, 0x0000000082a00000|  0%| F|  |TAMS 0x0000000082900000| PB 0x0000000082900000| Untracked 
|  14|0x0000000082a00000, 0x0000000082a00000, 0x0000000082b00000|  0%| F|  |TAMS 0x0000000082a00000| PB 0x0000000082a00000| Untracked 
|  15|0x0000000082b00000, 0x0000000082b00000, 0x0000000082c00000|  0%| F|  |TAMS 0x0000000082b00000| PB 0x0000000082b00000| Untracked 
|  16|0x0000000082c00000, 0x0000000082c00000, 0x0000000082d00000|  0%| F|  |TAMS 0x0000000082c00000| PB 0x0000000082c00000| Untracked 
|  17|0x0000000082d00000, 0x0000000082d00000, 0x0000000082e00000|  0%| F|  |TAMS 0x0000000082d00000| PB 0x0000000082d00000| Untracked 
|  18|0x0000000082e00000, 0x0000000082e00000, 0x0000000082f00000|  0%| F|  |TAMS 0x0000000082e00000| PB 0x0000000082e00000| Untracked 
|  19|0x0000000082f00000, 0x0000000082f00000, 0x0000000083000000|  0%| F|  |TAMS 0x0000000082f00000| PB 0x0000000082f00000| Untracked 
|  20|0x0000000083000000, 0x0000000083000000, 0x0000000083100000|  0%| F|  |TAMS 0x0000000083000000| PB 0x0000000083000000| Untracked 
|  21|0x0000000083100000, 0x0000000083100000, 0x0000000083200000|  0%| F|  |TAMS 0x0000000083100000| PB 0x0000000083100000| Untracked 
|  22|0x0000000083200000, 0x0000000083200000, 0x0000000083300000|  0%| F|  |TAMS 0x0000000083200000| PB 0x0000000083200000| Untracked 
|  23|0x0000000083300000, 0x0000000083300000, 0x0000000083400000|  0%| F|  |TAMS 0x0000000083300000| PB 0x0000000083300000| Untracked 
|  24|0x0000000083400000, 0x0000000083400000, 0x0000000083500000|  0%| F|  |TAMS 0x0000000083400000| PB 0x0000000083400000| Untracked 
|  25|0x0000000083500000, 0x0000000083500000, 0x0000000083600000|  0%| F|  |TAMS 0x0000000083500000| PB 0x0000000083500000| Untracked 
|  26|0x0000000083600000, 0x0000000083600000, 0x0000000083700000|  0%| F|  |TAMS 0x0000000083600000| PB 0x0000000083600000| Untracked 
|  27|0x0000000083700000, 0x0000000083700000, 0x0000000083800000|  0%| F|  |TAMS 0x0000000083700000| PB 0x0000000083700000| Untracked 
|  28|0x0000000083800000, 0x0000000083800000, 0x0000000083900000|  0%| F|  |TAMS 0x0000000083800000| PB 0x0000000083800000| Untracked 
|  29|0x0000000083900000, 0x0000000083900000, 0x0000000083a00000|  0%| F|  |TAMS 0x0000000083900000| PB 0x0000000083900000| Untracked 
|  30|0x0000000083a00000, 0x0000000083a00000, 0x0000000083b00000|  0%| F|  |TAMS 0x0000000083a00000| PB 0x0000000083a00000| Untracked 
|  31|0x0000000083b00000, 0x0000000083b00000, 0x0000000083c00000|  0%| F|  |TAMS 0x0000000083b00000| PB 0x0000000083b00000| Untracked 
|  32|0x0000000083c00000, 0x0000000083c00000, 0x0000000083d00000|  0%| F|  |TAMS 0x0000000083c00000| PB 0x0000000083c00000| Untracked 
|  33|0x0000000083d00000, 0x0000000083d00000, 0x0000000083e00000|  0%| F|  |TAMS 0x0000000083d00000| PB 0x0000000083d00000| Untracked 
|  34|0x0000000083e00000, 0x0000000083e00000, 0x0000000083f00000|  0%| F|  |TAMS 0x0000000083e00000| PB 0x0000000083e00000| Untracked 
|  35|0x0000000083f00000, 0x0000000083f00000, 0x0000000084000000|  0%| F|  |TAMS 0x0000000083f00000| PB 0x0000000083f00000| Untracked 
|  36|0x0000000084000000, 0x0000000084000000, 0x0000000084100000|  0%| F|  |TAMS 0x0000000084000000| PB 0x0000000084000000| Untracked 
|  37|0x0000000084100000, 0x0000000084100000, 0x0000000084200000|  0%| F|  |TAMS 0x0000000084100000| PB 0x0000000084100000| Untracked 
|  38|0x0000000084200000, 0x0000000084200000, 0x0000000084300000|  0%| F|  |TAMS 0x0000000084200000| PB 0x0000000084200000| Untracked 
|  39|0x0000000084300000, 0x0000000084300000, 0x0000000084400000|  0%| F|  |TAMS 0x0000000084300000| PB 0x0000000084300000| Untracked 
|  40|0x0000000084400000, 0x0000000084400000, 0x0000000084500000|  0%| F|  |TAMS 0x0000000084400000| PB 0x0000000084400000| Untracked 
|  41|0x0000000084500000, 0x0000000084500000, 0x0000000084600000|  0%| F|  |TAMS 0x0000000084500000| PB 0x0000000084500000| Untracked 
|  42|0x0000000084600000, 0x0000000084600000, 0x0000000084700000|  0%| F|  |TAMS 0x0000000084600000| PB 0x0000000084600000| Untracked 
|  43|0x0000000084700000, 0x0000000084700000, 0x0000000084800000|  0%| F|  |TAMS 0x0000000084700000| PB 0x0000000084700000| Untracked 
|  44|0x0000000084800000, 0x00000000848f41c0, 0x0000000084900000| 95%| S|CS|TAMS 0x0000000084800000| PB 0x0000000084800000| Complete 
|  45|0x0000000084900000, 0x0000000084a00000, 0x0000000084a00000|100%| S|CS|TAMS 0x0000000084900000| PB 0x0000000084900000| Complete 
|  46|0x0000000084a00000, 0x0000000084b00000, 0x0000000084b00000|100%| S|CS|TAMS 0x0000000084a00000| PB 0x0000000084a00000| Complete 
|  47|0x0000000084b00000, 0x0000000084c00000, 0x0000000084c00000|100%| S|CS|TAMS 0x0000000084b00000| PB 0x0000000084b00000| Complete 
|  48|0x0000000084c00000, 0x0000000084d00000, 0x0000000084d00000|100%| S|CS|TAMS 0x0000000084c00000| PB 0x0000000084c00000| Complete 
|  49|0x0000000084d00000, 0x0000000084e00000, 0x0000000084e00000|100%| S|CS|TAMS 0x0000000084d00000| PB 0x0000000084d00000| Complete 
|  50|0x0000000084e00000, 0x0000000084f00000, 0x0000000084f00000|100%| S|CS|TAMS 0x0000000084e00000| PB 0x0000000084e00000| Complete 
|  51|0x0000000084f00000, 0x0000000085000000, 0x0000000085000000|100%| S|CS|TAMS 0x0000000084f00000| PB 0x0000000084f00000| Complete 
|  52|0x0000000085000000, 0x0000000085000000, 0x0000000085100000|  0%| F|  |TAMS 0x0000000085000000| PB 0x0000000085000000| Untracked 
|  53|0x0000000085100000, 0x0000000085100000, 0x0000000085200000|  0%| F|  |TAMS 0x0000000085100000| PB 0x0000000085100000| Untracked 
|  54|0x0000000085200000, 0x0000000085200000, 0x0000000085300000|  0%| F|  |TAMS 0x0000000085200000| PB 0x0000000085200000| Untracked 
|  55|0x0000000085300000, 0x0000000085300000, 0x0000000085400000|  0%| F|  |TAMS 0x0000000085300000| PB 0x0000000085300000| Untracked 
|  56|0x0000000085400000, 0x0000000085400000, 0x0000000085500000|  0%| F|  |TAMS 0x0000000085400000| PB 0x0000000085400000| Untracked 
|  57|0x0000000085500000, 0x0000000085500000, 0x0000000085600000|  0%| F|  |TAMS 0x0000000085500000| PB 0x0000000085500000| Untracked 
|  58|0x0000000085600000, 0x0000000085600000, 0x0000000085700000|  0%| F|  |TAMS 0x0000000085600000| PB 0x0000000085600000| Untracked 
|  59|0x0000000085700000, 0x0000000085700000, 0x0000000085800000|  0%| F|  |TAMS 0x0000000085700000| PB 0x0000000085700000| Untracked 
|  60|0x0000000085800000, 0x0000000085800000, 0x0000000085900000|  0%| F|  |TAMS 0x0000000085800000| PB 0x0000000085800000| Untracked 
|  61|0x0000000085900000, 0x0000000085900000, 0x0000000085a00000|  0%| F|  |TAMS 0x0000000085900000| PB 0x0000000085900000| Untracked 
|  62|0x0000000085a00000, 0x0000000085b00000, 0x0000000085b00000|100%| E|  |TAMS 0x0000000085a00000| PB 0x0000000085a00000| Complete 
|  63|0x0000000085b00000, 0x0000000085c00000, 0x0000000085c00000|100%| E|CS|TAMS 0x0000000085b00000| PB 0x0000000085b00000| Complete 
|  64|0x0000000085c00000, 0x0000000085d00000, 0x0000000085d00000|100%| E|CS|TAMS 0x0000000085c00000| PB 0x0000000085c00000| Complete 
|  65|0x0000000085d00000, 0x0000000085e00000, 0x0000000085e00000|100%| E|CS|TAMS 0x0000000085d00000| PB 0x0000000085d00000| Complete 
|  66|0x0000000085e00000, 0x0000000085f00000, 0x0000000085f00000|100%| E|CS|TAMS 0x0000000085e00000| PB 0x0000000085e00000| Complete 
|  67|0x0000000085f00000, 0x0000000086000000, 0x0000000086000000|100%| E|CS|TAMS 0x0000000085f00000| PB 0x0000000085f00000| Complete 
|  68|0x0000000086000000, 0x0000000086100000, 0x0000000086100000|100%| E|CS|TAMS 0x0000000086000000| PB 0x0000000086000000| Complete 
|  69|0x0000000086100000, 0x0000000086200000, 0x0000000086200000|100%| E|CS|TAMS 0x0000000086100000| PB 0x0000000086100000| Complete 
|  70|0x0000000086200000, 0x0000000086300000, 0x0000000086300000|100%| E|CS|TAMS 0x0000000086200000| PB 0x0000000086200000| Complete 
|  71|0x0000000086300000, 0x0000000086400000, 0x0000000086400000|100%| E|CS|TAMS 0x0000000086300000| PB 0x0000000086300000| Complete 
|  72|0x0000000086400000, 0x0000000086500000, 0x0000000086500000|100%| E|CS|TAMS 0x0000000086400000| PB 0x0000000086400000| Complete 
|  73|0x0000000086500000, 0x0000000086600000, 0x0000000086600000|100%| E|CS|TAMS 0x0000000086500000| PB 0x0000000086500000| Complete 
|  74|0x0000000086600000, 0x0000000086700000, 0x0000000086700000|100%| E|CS|TAMS 0x0000000086600000| PB 0x0000000086600000| Complete 
|  75|0x0000000086700000, 0x0000000086800000, 0x0000000086800000|100%| E|CS|TAMS 0x0000000086700000| PB 0x0000000086700000| Complete 
|  76|0x0000000086800000, 0x0000000086900000, 0x0000000086900000|100%| E|CS|TAMS 0x0000000086800000| PB 0x0000000086800000| Complete 
|  77|0x0000000086900000, 0x0000000086a00000, 0x0000000086a00000|100%| E|CS|TAMS 0x0000000086900000| PB 0x0000000086900000| Complete 
|  78|0x0000000086a00000, 0x0000000086b00000, 0x0000000086b00000|100%| E|CS|TAMS 0x0000000086a00000| PB 0x0000000086a00000| Complete 
|  79|0x0000000086b00000, 0x0000000086c00000, 0x0000000086c00000|100%| E|CS|TAMS 0x0000000086b00000| PB 0x0000000086b00000| Complete 
|  80|0x0000000086c00000, 0x0000000086d00000, 0x0000000086d00000|100%| E|CS|TAMS 0x0000000086c00000| PB 0x0000000086c00000| Complete 
|  81|0x0000000086d00000, 0x0000000086e00000, 0x0000000086e00000|100%| E|CS|TAMS 0x0000000086d00000| PB 0x0000000086d00000| Complete 
|  82|0x0000000086e00000, 0x0000000086f00000, 0x0000000086f00000|100%| E|CS|TAMS 0x0000000086e00000| PB 0x0000000086e00000| Complete 
|  83|0x0000000086f00000, 0x0000000087000000, 0x0000000087000000|100%| E|CS|TAMS 0x0000000086f00000| PB 0x0000000086f00000| Complete 
|  84|0x0000000087000000, 0x0000000087100000, 0x0000000087100000|100%| E|CS|TAMS 0x0000000087000000| PB 0x0000000087000000| Complete 
|  85|0x0000000087100000, 0x0000000087200000, 0x0000000087200000|100%| E|CS|TAMS 0x0000000087100000| PB 0x0000000087100000| Complete 
|  86|0x0000000087200000, 0x0000000087300000, 0x0000000087300000|100%| E|CS|TAMS 0x0000000087200000| PB 0x0000000087200000| Complete 
|  87|0x0000000087300000, 0x0000000087400000, 0x0000000087400000|100%| E|CS|TAMS 0x0000000087300000| PB 0x0000000087300000| Complete 
|  88|0x0000000087400000, 0x0000000087500000, 0x0000000087500000|100%| E|CS|TAMS 0x0000000087400000| PB 0x0000000087400000| Complete 
|  89|0x0000000087500000, 0x0000000087600000, 0x0000000087600000|100%| E|CS|TAMS 0x0000000087500000| PB 0x0000000087500000| Complete 
|  90|0x0000000087600000, 0x0000000087700000, 0x0000000087700000|100%| E|CS|TAMS 0x0000000087600000| PB 0x0000000087600000| Complete 
|  91|0x0000000087700000, 0x0000000087800000, 0x0000000087800000|100%| E|CS|TAMS 0x0000000087700000| PB 0x0000000087700000| Complete 
|  92|0x0000000087800000, 0x0000000087900000, 0x0000000087900000|100%| E|CS|TAMS 0x0000000087800000| PB 0x0000000087800000| Complete 
|  93|0x0000000087900000, 0x0000000087a00000, 0x0000000087a00000|100%| E|CS|TAMS 0x0000000087900000| PB 0x0000000087900000| Complete 
|  94|0x0000000087a00000, 0x0000000087b00000, 0x0000000087b00000|100%| E|CS|TAMS 0x0000000087a00000| PB 0x0000000087a00000| Complete 
|  95|0x0000000087b00000, 0x0000000087c00000, 0x0000000087c00000|100%| E|CS|TAMS 0x0000000087b00000| PB 0x0000000087b00000| Complete 
|  96|0x0000000087c00000, 0x0000000087d00000, 0x0000000087d00000|100%| E|CS|TAMS 0x0000000087c00000| PB 0x0000000087c00000| Complete 
|  97|0x0000000087d00000, 0x0000000087e00000, 0x0000000087e00000|100%| E|CS|TAMS 0x0000000087d00000| PB 0x0000000087d00000| Complete 
|  98|0x0000000087e00000, 0x0000000087f00000, 0x0000000087f00000|100%| E|CS|TAMS 0x0000000087e00000| PB 0x0000000087e00000| Complete 
|  99|0x0000000087f00000, 0x0000000088000000, 0x0000000088000000|100%| E|CS|TAMS 0x0000000087f00000| PB 0x0000000087f00000| Complete 
| 100|0x0000000088000000, 0x0000000088100000, 0x0000000088100000|100%| E|CS|TAMS 0x0000000088000000| PB 0x0000000088000000| Complete 
| 101|0x0000000088100000, 0x0000000088200000, 0x0000000088200000|100%| E|CS|TAMS 0x0000000088100000| PB 0x0000000088100000| Complete 
| 102|0x0000000088200000, 0x0000000088300000, 0x0000000088300000|100%| E|CS|TAMS 0x0000000088200000| PB 0x0000000088200000| Complete 
| 103|0x0000000088300000, 0x0000000088400000, 0x0000000088400000|100%| E|CS|TAMS 0x0000000088300000| PB 0x0000000088300000| Complete 
| 104|0x0000000088400000, 0x0000000088500000, 0x0000000088500000|100%| E|CS|TAMS 0x0000000088400000| PB 0x0000000088400000| Complete 
| 105|0x0000000088500000, 0x0000000088600000, 0x0000000088600000|100%| E|CS|TAMS 0x0000000088500000| PB 0x0000000088500000| Complete 
| 106|0x0000000088600000, 0x0000000088700000, 0x0000000088700000|100%| E|CS|TAMS 0x0000000088600000| PB 0x0000000088600000| Complete 
| 107|0x0000000088700000, 0x0000000088800000, 0x0000000088800000|100%| E|CS|TAMS 0x0000000088700000| PB 0x0000000088700000| Complete 
| 108|0x0000000088800000, 0x0000000088900000, 0x0000000088900000|100%| E|CS|TAMS 0x0000000088800000| PB 0x0000000088800000| Complete 
| 109|0x0000000088900000, 0x0000000088a00000, 0x0000000088a00000|100%| E|CS|TAMS 0x0000000088900000| PB 0x0000000088900000| Complete 
| 110|0x0000000088a00000, 0x0000000088b00000, 0x0000000088b00000|100%| E|CS|TAMS 0x0000000088a00000| PB 0x0000000088a00000| Complete 
| 111|0x0000000088b00000, 0x0000000088c00000, 0x0000000088c00000|100%| E|CS|TAMS 0x0000000088b00000| PB 0x0000000088b00000| Complete 
| 112|0x0000000088c00000, 0x0000000088d00000, 0x0000000088d00000|100%| E|CS|TAMS 0x0000000088c00000| PB 0x0000000088c00000| Complete 
| 113|0x0000000088d00000, 0x0000000088e00000, 0x0000000088e00000|100%| E|CS|TAMS 0x0000000088d00000| PB 0x0000000088d00000| Complete 
| 114|0x0000000088e00000, 0x0000000088f00000, 0x0000000088f00000|100%| E|CS|TAMS 0x0000000088e00000| PB 0x0000000088e00000| Complete 
| 115|0x0000000088f00000, 0x0000000089000000, 0x0000000089000000|100%| E|CS|TAMS 0x0000000088f00000| PB 0x0000000088f00000| Complete 
| 116|0x0000000089000000, 0x0000000089100000, 0x0000000089100000|100%| E|CS|TAMS 0x0000000089000000| PB 0x0000000089000000| Complete 
| 117|0x0000000089100000, 0x0000000089200000, 0x0000000089200000|100%| E|CS|TAMS 0x0000000089100000| PB 0x0000000089100000| Complete 
| 118|0x0000000089200000, 0x0000000089300000, 0x0000000089300000|100%| E|CS|TAMS 0x0000000089200000| PB 0x0000000089200000| Complete 
| 119|0x0000000089300000, 0x0000000089400000, 0x0000000089400000|100%| E|CS|TAMS 0x0000000089300000| PB 0x0000000089300000| Complete 
| 120|0x0000000089400000, 0x0000000089500000, 0x0000000089500000|100%| E|CS|TAMS 0x0000000089400000| PB 0x0000000089400000| Complete 
| 121|0x0000000089500000, 0x0000000089600000, 0x0000000089600000|100%| E|CS|TAMS 0x0000000089500000| PB 0x0000000089500000| Complete 
| 122|0x0000000089600000, 0x0000000089700000, 0x0000000089700000|100%| E|CS|TAMS 0x0000000089600000| PB 0x0000000089600000| Complete 
| 123|0x0000000089700000, 0x0000000089800000, 0x0000000089800000|100%| E|CS|TAMS 0x0000000089700000| PB 0x0000000089700000| Complete 
| 124|0x0000000089800000, 0x0000000089900000, 0x0000000089900000|100%| E|CS|TAMS 0x0000000089800000| PB 0x0000000089800000| Complete 
| 125|0x0000000089900000, 0x0000000089a00000, 0x0000000089a00000|100%| E|CS|TAMS 0x0000000089900000| PB 0x0000000089900000| Complete 
| 126|0x0000000089a00000, 0x0000000089b00000, 0x0000000089b00000|100%| E|CS|TAMS 0x0000000089a00000| PB 0x0000000089a00000| Complete 
| 127|0x0000000089b00000, 0x0000000089c00000, 0x0000000089c00000|100%| E|CS|TAMS 0x0000000089b00000| PB 0x0000000089b00000| Complete 

Card table byte_map: [0x0000017fb1290000,0x0000017fb1690000] _byte_map_base: 0x0000017fb0e82000

Marking Bits: (CMBitMap*) 0x0000017f99ae6a00
 Bits: [0x0000017fb1a90000, 0x0000017fb3a20000)

Polling page: 0x0000017f99250000

Metaspace:

Usage:
  Non-class:     15.68 MB used.
      Class:      2.46 MB used.
       Both:     18.15 MB used.

Virtual space:
  Non-class space:       64.00 MB reserved,      16.06 MB ( 25%) committed,  1 nodes.
      Class space:        1.00 GB reserved,       2.75 MB ( <1%) committed,  1 nodes.
             Both:        1.06 GB reserved,      18.81 MB (  2%) committed. 

Chunk freelists:
   Non-Class:  3.98 MB
       Class:  1.29 MB
        Both:  5.28 MB

MaxMetaspaceSize: unlimited
CompressedClassSpaceSize: 1.00 GB
Initial GC threshold: 21.00 MB
Current GC threshold: 21.00 MB
CDS: on
MetaspaceReclaimPolicy: balanced
 - commit_granule_bytes: 65536.
 - commit_granule_words: 8192.
 - virtual_space_node_default_size: 8388608.
 - enlarge_chunks_in_place: 1.
 - new_chunks_are_fully_committed: 0.
 - uncommit_free_chunks: 1.
 - use_allocation_guard: 0.


Internal statistics:

num_allocs_failed_limit: 0.
num_arena_births: 774.
num_arena_deaths: 0.
num_vsnodes_births: 2.
num_vsnodes_deaths: 0.
num_space_committed: 301.
num_space_uncommitted: 0.
num_chunks_returned_to_freelist: 0.
num_chunks_taken_from_freelist: 1482.
num_chunk_merges: 0.
num_chunk_splits: 896.
num_chunks_enlarged: 454.
num_inconsistent_stats: 0.

CodeHeap 'non-profiled nmethods': size=120000Kb used=1350Kb max_used=1350Kb free=118649Kb
 bounds [0x0000017fa9630000, 0x0000017fa98a0000, 0x0000017fb0b60000]
CodeHeap 'profiled nmethods': size=120000Kb used=6661Kb max_used=6661Kb free=113338Kb
 bounds [0x0000017fa1b60000, 0x0000017fa21f0000, 0x0000017fa9090000]
CodeHeap 'non-nmethods': size=5760Kb used=1545Kb max_used=1580Kb free=4214Kb
 bounds [0x0000017fa9090000, 0x0000017fa9300000, 0x0000017fa9630000]
 total_blobs=4017 nmethods=3459 adapters=468
 compilation: enabled
              stopped_count=0, restarted_count=0
 full_count=0

Compilation events (20 events):
Event: 5.963 Thread 0x0000017fb648f3c0 3450       3       java.util.Formatter$Conversion::isText (34 bytes)
Event: 5.963 Thread 0x0000017fb648f3c0 nmethod 3450 0x0000017fa21dc810 code [0x0000017fa21dc9a0, 0x0000017fa21dcb18]
Event: 5.963 Thread 0x0000017fb648f3c0 3451       3       java.lang.AbstractStringBuilder::charAt (36 bytes)
Event: 5.964 Thread 0x0000017fb648f3c0 nmethod 3451 0x0000017fa21dcb90 code [0x0000017fa21dcd40, 0x0000017fa21dd078]
Event: 5.964 Thread 0x0000017fb648f3c0 3455       3       java.util.Locale::hasExtensions (13 bytes)
Event: 5.964 Thread 0x0000017fb648f3c0 nmethod 3455 0x0000017fa21dd210 code [0x0000017fa21dd3a0, 0x0000017fa21dd510]
Event: 5.979 Thread 0x0000017fb646ca20 nmethod 3454% 0x0000017fa977fd10 code [0x0000017fa977ff00, 0x0000017fa9780708]
Event: 5.979 Thread 0x0000017fb646ca20 3464       4       java.util.regex.Pattern::compile (537 bytes)
Event: 5.983 Thread 0x0000017fb648f3c0 3470       3       java.util.PrimitiveIterator$OfInt::next (7 bytes)
Event: 5.983 Thread 0x0000017fb648f3c0 nmethod 3470 0x0000017fa21dd590 code [0x0000017fa21dd740, 0x0000017fa21dda08]
Event: 5.983 Thread 0x0000017fb648f3c0 3471       3       java.util.stream.Streams$RangeIntSpliterator::tryAdvance (60 bytes)
Event: 5.984 Thread 0x0000017fb648f3c0 nmethod 3471 0x0000017fa21ddb10 code [0x0000017fa21ddce0, 0x0000017fa21de1d8]
Event: 5.984 Thread 0x0000017fb648f3c0 3472       3       java.util.regex.Matcher::end (20 bytes)
Event: 5.984 Thread 0x0000017fb648f3c0 nmethod 3472 0x0000017fa21de390 code [0x0000017fa21de560, 0x0000017fa21de920]
Event: 5.985 Thread 0x0000017fb648f3c0 3473       3       java.lang.Long::stringSize (55 bytes)
Event: 5.985 Thread 0x0000017fb648f3c0 nmethod 3473 0x0000017fa21deb10 code [0x0000017fa21deca0, 0x0000017fa21def30]
Event: 5.985 Thread 0x0000017fb648f3c0 3474       3       java.lang.CharacterDataLatin1::getType (11 bytes)
Event: 5.986 Thread 0x0000017fb648f3c0 nmethod 3474 0x0000017fa21df010 code [0x0000017fa21df1a0, 0x0000017fa21df358]
Event: 5.986 Thread 0x0000017fb648f3c0 3475       3       java.util.stream.StreamSpliterators$AbstractWrappingSpliterator::init (29 bytes)
Event: 5.986 Thread 0x0000017fb648f3c0 nmethod 3475 0x0000017fa21df490 code [0x0000017fa21df640, 0x0000017fa21df9e8]

GC Heap History (6 events):
Event: 1.244 GC heap before
{Heap before GC invocations=0 (full 0):
 garbage-first heap   total 131072K, used 23552K [0x0000000081c00000, 0x0000000100000000)
  region size 1024K, 23 young (23552K), 0 survivors (0K)
 Metaspace       used 4901K, committed 5120K, reserved 1114112K
  class space    used 519K, committed 640K, reserved 1048576K
}
Event: 1.254 GC heap after
{Heap after GC invocations=1 (full 0):
 garbage-first heap   total 131072K, used 10140K [0x0000000081c00000, 0x0000000100000000)
  region size 1024K, 3 young (3072K), 3 survivors (3072K)
 Metaspace       used 4901K, committed 5120K, reserved 1114112K
  class space    used 519K, committed 640K, reserved 1048576K
}
Event: 2.436 GC heap before
{Heap before GC invocations=1 (full 0):
 garbage-first heap   total 131072K, used 34716K [0x0000000081c00000, 0x0000000100000000)
  region size 1024K, 27 young (27648K), 3 survivors (3072K)
 Metaspace       used 10063K, committed 10368K, reserved 1114112K
  class space    used 1189K, committed 1344K, reserved 1048576K
}
Event: 2.442 GC heap after
{Heap after GC invocations=2 (full 0):
 garbage-first heap   total 131072K, used 12966K [0x0000000081c00000, 0x0000000100000000)
  region size 1024K, 3 young (3072K), 3 survivors (3072K)
 Metaspace       used 10063K, committed 10368K, reserved 1114112K
  class space    used 1189K, committed 1344K, reserved 1048576K
}
Event: 2.950 GC heap before
{Heap before GC invocations=2 (full 0):
 garbage-first heap   total 131072K, used 87718K [0x0000000081c00000, 0x0000000100000000)
  region size 1024K, 76 young (77824K), 3 survivors (3072K)
 Metaspace       used 12464K, committed 12928K, reserved 1114112K
  class space    used 1672K, committed 1856K, reserved 1048576K
}
Event: 2.958 GC heap after
{Heap after GC invocations=3 (full 0):
 garbage-first heap   total 131072K, used 18384K [0x0000000081c00000, 0x0000000100000000)
  region size 1024K, 8 young (8192K), 8 survivors (8192K)
 Metaspace       used 12464K, committed 12928K, reserved 1114112K
  class space    used 1672K, committed 1856K, reserved 1048576K
}

Dll operation events (10 events):
Event: 0.008 Loaded shared library C:\Program Files\Java\jdk-20\bin\java.dll
Event: 0.032 Loaded shared library C:\Program Files\Java\jdk-20\bin\jsvml.dll
Event: 0.089 Loaded shared library C:\Program Files\Java\jdk-20\bin\net.dll
Event: 0.092 Loaded shared library C:\Program Files\Java\jdk-20\bin\nio.dll
Event: 0.095 Loaded shared library C:\Program Files\Java\jdk-20\bin\zip.dll
Event: 0.444 Loaded shared library C:\Program Files\Java\jdk-20\bin\management.dll
Event: 0.452 Loaded shared library C:\Program Files\Java\jdk-20\bin\management_ext.dll
Event: 0.482 Loaded shared library C:\Program Files\Java\jdk-20\bin\jimage.dll
Event: 0.936 Loaded shared library C:\Program Files\Java\jdk-20\bin\verify.dll
Event: 3.617 Loaded shared library C:\Program Files\Java\jdk-20\bin\extnet.dll

Deoptimization events (20 events):
Event: 5.180 Thread 0x0000017ffb918660 DEOPT PACKING pc=0x0000017fa97471f4 sp=0x00000023844feed0
Event: 5.180 Thread 0x0000017ffb918660 DEOPT UNPACKING pc=0x0000017fa90f9d22 sp=0x00000023844fee28 mode 2
Event: 5.438 Thread 0x0000017ffcb445c0 DEOPT PACKING pc=0x0000017fa1dfd4a3 sp=0x00000023847fdc20
Event: 5.438 Thread 0x0000017ffcb445c0 DEOPT UNPACKING pc=0x0000017fa90fa4c2 sp=0x00000023847fd0a8 mode 0
Event: 5.486 Thread 0x0000017ffb918660 DEOPT PACKING pc=0x0000017fa1df903a sp=0x00000023844fe050
Event: 5.486 Thread 0x0000017ffb918660 DEOPT UNPACKING pc=0x0000017fa90fa4c2 sp=0x00000023844fd530 mode 0
Event: 5.496 Thread 0x0000017ffcb47590 DEOPT PACKING pc=0x0000017fa1df903a sp=0x0000002384cfdcd0
Event: 5.496 Thread 0x0000017ffcb47590 DEOPT UNPACKING pc=0x0000017fa90fa4c2 sp=0x0000002384cfd1b0 mode 0
Event: 5.967 Thread 0x0000017ffb918660 DEOPT PACKING pc=0x0000017fa20769b5 sp=0x00000023844fe160
Event: 5.967 Thread 0x0000017ffb918660 DEOPT UNPACKING pc=0x0000017fa90fa4c2 sp=0x00000023844fd640 mode 0
Event: 5.969 Thread 0x0000017ffb918660 DEOPT PACKING pc=0x0000017fa207a239 sp=0x00000023844fe2a0
Event: 5.969 Thread 0x0000017ffb918660 DEOPT UNPACKING pc=0x0000017fa90fa4c2 sp=0x00000023844fd7e0 mode 0
Event: 5.970 Thread 0x0000017ffb918660 DEOPT PACKING pc=0x0000017fa20826cb sp=0x00000023844fe220
Event: 5.970 Thread 0x0000017ffb918660 DEOPT UNPACKING pc=0x0000017fa90fa4c2 sp=0x00000023844fd740 mode 0
Event: 5.976 Thread 0x0000017ffb918660 DEOPT PACKING pc=0x0000017fa20769b5 sp=0x00000023844fe160
Event: 5.976 Thread 0x0000017ffb918660 DEOPT UNPACKING pc=0x0000017fa90fa4c2 sp=0x00000023844fd640 mode 0
Event: 5.978 Thread 0x0000017ffb918660 DEOPT PACKING pc=0x0000017fa207a239 sp=0x00000023844fe2a0
Event: 5.978 Thread 0x0000017ffb918660 DEOPT UNPACKING pc=0x0000017fa90fa4c2 sp=0x00000023844fd7e0 mode 0
Event: 5.979 Thread 0x0000017ffb918660 DEOPT PACKING pc=0x0000017fa20826cb sp=0x00000023844fe220
Event: 5.979 Thread 0x0000017ffb918660 DEOPT UNPACKING pc=0x0000017fa90fa4c2 sp=0x00000023844fd740 mode 0

Classes loaded (20 events):
Event: 3.769 Loading class jdk/internal/event/ProcessStartEvent
Event: 3.770 Loading class jdk/internal/event/ProcessStartEvent done
Event: 4.985 Loading class java/lang/StackTraceElement$HashedModules
Event: 5.138 Loading class java/lang/StackTraceElement$HashedModules done
Event: 5.142 Loading class java/lang/invoke/WrongMethodTypeException
Event: 5.142 Loading class java/lang/invoke/WrongMethodTypeException done
Event: 5.157 Loading class java/io/PrintWriter
Event: 5.157 Loading class java/io/PrintWriter done
Event: 5.157 Loading class java/io/PrintWriter$1
Event: 5.157 Loading class jdk/internal/access/JavaIOPrintWriterAccess
Event: 5.157 Loading class jdk/internal/access/JavaIOPrintWriterAccess done
Event: 5.157 Loading class java/io/PrintWriter$1 done
Event: 5.157 Loading class java/lang/Throwable$WrappedPrintWriter
Event: 5.157 Loading class java/lang/Throwable$PrintStreamOrWriter
Event: 5.158 Loading class java/lang/Throwable$PrintStreamOrWriter done
Event: 5.158 Loading class java/lang/Throwable$WrappedPrintWriter done
Event: 5.182 Loading class java/util/stream/ReferencePipeline$15
Event: 5.189 Loading class java/util/stream/ReferencePipeline$15 done
Event: 5.190 Loading class java/util/stream/ReferencePipeline$15$1
Event: 5.190 Loading class java/util/stream/ReferencePipeline$15$1 done

Classes unloaded (0 events):
No events

Classes redefined (0 events):
No events

Internal exceptions (20 events):
Event: 3.652 Thread 0x0000017ffcb43080 Exception <a 'java/lang/NoSuchMethodError'{0x0000000088873398}: 'void java.lang.invoke.DirectMethodHandle$Holder.invokeStaticInit(java.lang.Object, java.lang.Object)'> (0x0000000088873398) 
thrown [s\open\src\hotspot\share\interpreter\linkResolver.cpp, line 773]
Event: 3.671 Thread 0x0000017ffcb40b50 Exception <a 'java/lang/NoSuchMethodError'{0x0000000088af0370}: 'void java.lang.invoke.DirectMethodHandle$Holder.invokeInterface(java.lang.Object, java.lang.Object, java.lang.Object)'> (0x0000000088af0370) 
thrown [s\open\src\hotspot\share\interpreter\linkResolver.cpp, line 773]
Event: 3.671 Thread 0x0000017ffcb43080 Exception <a 'java/lang/NoSuchMethodError'{0x00000000888ac2b0}: 'void java.lang.invoke.DirectMethodHandle$Holder.invokeInterface(java.lang.Object, java.lang.Object, java.lang.Object)'> (0x00000000888ac2b0) 
thrown [s\open\src\hotspot\share\interpreter\linkResolver.cpp, line 773]
Event: 3.671 Thread 0x0000017ffcb47590 Exception <a 'java/lang/NoSuchMethodError'{0x000000008894ae90}: 'void java.lang.invoke.DirectMethodHandle$Holder.invokeInterface(java.lang.Object, java.lang.Object, java.lang.Object)'> (0x000000008894ae90) 
thrown [s\open\src\hotspot\share\interpreter\linkResolver.cpp, line 773]
Event: 3.671 Thread 0x0000017ffcb41b40 Exception <a 'java/lang/NoSuchMethodError'{0x0000000088a7d0b0}: 'void java.lang.invoke.DirectMethodHandle$Holder.invokeInterface(java.lang.Object, java.lang.Object, java.lang.Object)'> (0x0000000088a7d0b0) 
thrown [s\open\src\hotspot\share\interpreter\linkResolver.cpp, line 773]
Event: 3.671 Thread 0x0000017ffcb40600 Exception <a 'java/lang/NoSuchMethodError'{0x00000000889929f8}: 'void java.lang.invoke.DirectMethodHandle$Holder.invokeInterface(java.lang.Object, java.lang.Object, java.lang.Object)'> (0x00000000889929f8) 
thrown [s\open\src\hotspot\share\interpreter\linkResolver.cpp, line 773]
Event: 3.671 Thread 0x0000017ffcb415f0 Exception <a 'java/lang/NoSuchMethodError'{0x0000000088aa9608}: 'void java.lang.invoke.DirectMethodHandle$Holder.invokeInterface(java.lang.Object, java.lang.Object, java.lang.Object)'> (0x0000000088aa9608) 
thrown [s\open\src\hotspot\share\interpreter\linkResolver.cpp, line 773]
Event: 3.671 Thread 0x0000017ffcb400b0 Exception <a 'java/lang/NoSuchMethodError'{0x00000000889b1a90}: 'void java.lang.invoke.DirectMethodHandle$Holder.invokeInterface(java.lang.Object, java.lang.Object, java.lang.Object)'> (0x00000000889b1a90) 
thrown [s\open\src\hotspot\share\interpreter\linkResolver.cpp, line 773]
Event: 3.672 Thread 0x0000017ffcb46050 Exception <a 'java/lang/NoSuchMethodError'{0x00000000889dba48}: 'void java.lang.invoke.DirectMethodHandle$Holder.invokeInterface(java.lang.Object, java.lang.Object, java.lang.Object)'> (0x00000000889dba48) 
thrown [s\open\src\hotspot\share\interpreter\linkResolver.cpp, line 773]
Event: 3.672 Thread 0x0000017ffcb445c0 Exception <a 'java/lang/NoSuchMethodError'{0x00000000888f1cb0}: 'void java.lang.invoke.DirectMethodHandle$Holder.invokeInterface(java.lang.Object, java.lang.Object, java.lang.Object)'> (0x00000000888f1cb0) 
thrown [s\open\src\hotspot\share\interpreter\linkResolver.cpp, line 773]
Event: 3.672 Thread 0x0000017ffb918660 Exception <a 'java/lang/NoSuchMethodError'{0x0000000088a60ea0}: 'void java.lang.invoke.DirectMethodHandle$Holder.invokeInterface(java.lang.Object, java.lang.Object, java.lang.Object)'> (0x0000000088a60ea0) 
thrown [s\open\src\hotspot\share\interpreter\linkResolver.cpp, line 773]
Event: 3.760 Thread 0x0000017ffcb41b40 Exception <a 'java/lang/NoSuchMethodError'{0x0000000088a85b30}: 'void java.lang.invoke.DirectMethodHandle$Holder.invokeStatic(java.lang.Object, long)'> (0x0000000088a85b30) 
thrown [s\open\src\hotspot\share\interpreter\linkResolver.cpp, line 773]
Event: 3.761 Thread 0x0000017ffcb41b40 Exception <a 'java/lang/NoSuchMethodError'{0x0000000088a8aec8}: 'java.lang.Object java.lang.invoke.DirectMethodHandle$Holder.newInvokeSpecial(java.lang.Object, long)'> (0x0000000088a8aec8) 
thrown [s\open\src\hotspot\share\interpreter\linkResolver.cpp, line 773]
Event: 3.765 Thread 0x0000017ffcb41b40 Exception <a 'java/lang/NoSuchMethodError'{0x0000000088a91a30}: 'java.lang.Object java.lang.invoke.DirectMethodHandle$Holder.invokeStatic(java.lang.Object, long, java.lang.Object)'> (0x0000000088a91a30) 
thrown [s\open\src\hotspot\share\interpreter\linkResolver.cpp, line 773]
Event: 3.765 Thread 0x0000017ffcb41b40 Exception <a 'java/lang/NoSuchMethodError'{0x0000000088a95338}: 'java.lang.Object java.lang.invoke.DirectMethodHandle$Holder.invokeStaticInit(java.lang.Object, long, java.lang.Object)'> (0x0000000088a95338) 
thrown [s\open\src\hotspot\share\interpreter\linkResolver.cpp, line 773]
Event: 4.981 Thread 0x0000017ffb918660 Exception <a 'java/lang/NoSuchMethodError'{0x000000008850d4b0}: 'long java.lang.invoke.DirectMethodHandle$Holder.invokeSpecial(java.lang.Object, java.lang.Object, int, java.lang.Object, java.lang.Object)'> (0x000000008850d4b0) 
thrown [s\open\src\hotspot\share\interpreter\linkResolver.cpp, line 773]
Event: 5.159 Thread 0x0000017ffb918660 Exception <a 'java/lang/NoSuchMethodError'{0x000000008857d260}: 'void java.lang.invoke.DirectMethodHandle$Holder.invokeVirtual(java.lang.Object, java.lang.Object)'> (0x000000008857d260) 
thrown [s\open\src\hotspot\share\interpreter\linkResolver.cpp, line 773]
Event: 5.180 Thread 0x0000017ffb918660 Exception <a 'java/lang/NoSuchMethodError'{0x00000000884802d8}: 'int java.lang.invoke.DirectMethodHandle$Holder.invokeSpecial(java.lang.Object, java.lang.Object, java.lang.Object, java.lang.Object)'> (0x00000000884802d8) 
thrown [s\open\src\hotspot\share\interpreter\linkResolver.cpp, line 773]
Event: 5.417 Thread 0x0000017ffcb43080 Exception <a 'java/io/IOException'{0x00000000877c0c80}: CreateProcess error=1455, The paging file is too small for this operation to complete> (0x00000000877c0c80) 
thrown [s\open\src\hotspot\share\prims\jni.cpp, line 538]
Event: 5.428 Thread 0x0000017ffcb445c0 Exception <a 'java/io/IOException'{0x00000000877cf050}: CreateProcess error=1450, Insufficient system resources exist to complete the requested service> (0x00000000877cf050) 
thrown [s\open\src\hotspot\share\prims\jni.cpp, line 538]

VM Operations (20 events):
Event: 2.836 Executing VM operation: ICBufferFull
Event: 2.871 Executing VM operation: ICBufferFull done
Event: 2.884 Executing VM operation: ICBufferFull
Event: 2.886 Executing VM operation: ICBufferFull done
Event: 2.950 Executing VM operation: G1CollectForAllocation
Event: 2.958 Executing VM operation: G1CollectForAllocation done
Event: 3.483 Executing VM operation: HandshakeAllThreads
Event: 3.483 Executing VM operation: HandshakeAllThreads done
Event: 3.666 Executing VM operation: ICBufferFull
Event: 3.666 Executing VM operation: ICBufferFull done
Event: 3.666 Executing VM operation: ICBufferFull
Event: 3.667 Executing VM operation: ICBufferFull done
Event: 3.667 Executing VM operation: ICBufferFull
Event: 3.667 Executing VM operation: ICBufferFull done
Event: 3.667 Executing VM operation: ICBufferFull
Event: 3.668 Executing VM operation: ICBufferFull done
Event: 4.679 Executing VM operation: Cleanup
Event: 4.679 Executing VM operation: Cleanup done
Event: 5.680 Executing VM operation: Cleanup
Event: 5.680 Executing VM operation: Cleanup done

Events (20 events):
Event: 3.771 Thread 0x0000017ffcb465a0 Thread added: 0x0000017ffcb465a0
Event: 3.831 Thread 0x0000017ffcb410a0 Thread added: 0x0000017ffcb410a0
Event: 3.926 Thread 0x0000017ffcb44070 Thread added: 0x0000017ffcb44070
Event: 3.997 Thread 0x0000017ffcb47ae0 Thread added: 0x0000017ffcb47ae0
Event: 4.120 Thread 0x0000017ffcb42090 Thread added: 0x0000017ffcb42090
Event: 4.434 Thread 0x0000017ffcb455b0 Thread added: 0x0000017ffcb455b0
Event: 4.539 Thread 0x0000017ffcb425e0 Thread added: 0x0000017ffcb425e0
Event: 4.699 Thread 0x0000017ffcb435d0 Thread added: 0x0000017ffcb435d0
Event: 4.974 Thread 0x0000017ffcb435d0 Thread exited: 0x0000017ffcb435d0
Event: 4.974 Thread 0x0000017ffcb425e0 Thread exited: 0x0000017ffcb425e0
Event: 5.140 Thread 0x0000017ffcb425e0 Thread added: 0x0000017ffcb425e0
Event: 5.158 Thread 0x0000017ffcb455b0 Thread exited: 0x0000017ffcb455b0
Event: 5.255 Thread 0x0000017ffcb42b30 Thread added: 0x0000017ffcb42b30
Event: 5.410 Thread 0x0000017ffcb46af0 Thread added: 0x0000017ffcb46af0
Event: 5.460 Thread 0x0000017ffcb42b30 Thread exited: 0x0000017ffcb42b30
Event: 5.474 Thread 0x0000017ffcb46af0 Thread exited: 0x0000017ffcb46af0
Event: 5.597 Thread 0x0000017ffcb46af0 Thread added: 0x0000017ffcb46af0
Event: 5.732 Thread 0x0000017ffcb42b30 Thread added: 0x0000017ffcb42b30
Event: 5.908 Thread 0x0000017ffcb47040 Thread added: 0x0000017ffcb47040
Event: 5.948 Thread 0x0000017ffcb42b30 Thread exited: 0x0000017ffcb42b30


Dynamic libraries:
0x00007ff728e70000 - 0x00007ff728e80000 	C:\Program Files\Java\jdk-20\bin\java.exe
0x00007ffb045f0000 - 0x00007ffb047e8000 	C:\WINDOWS\SYSTEM32\ntdll.dll
0x00007ffb040d0000 - 0x00007ffb04192000 	C:\WINDOWS\System32\KERNEL32.DLL
0x00007ffb02310000 - 0x00007ffb0260e000 	C:\WINDOWS\System32\KERNELBASE.dll
0x00007ffb01f40000 - 0x00007ffb02040000 	C:\WINDOWS\System32\ucrtbase.dll
0x00007ffaeb6f0000 - 0x00007ffaeb709000 	C:\Program Files\Java\jdk-20\bin\jli.dll
0x00007ffadc470000 - 0x00007ffadc48b000 	C:\Program Files\Java\jdk-20\bin\VCRUNTIME140.dll
0x00007ffb03730000 - 0x00007ffb037e1000 	C:\WINDOWS\System32\ADVAPI32.dll
0x00007ffb03690000 - 0x00007ffb0372e000 	C:\WINDOWS\System32\msvcrt.dll
0x00007ffb039a0000 - 0x00007ffb03a3f000 	C:\WINDOWS\System32\sechost.dll
0x00007ffb02aa0000 - 0x00007ffb02bc3000 	C:\WINDOWS\System32\RPCRT4.dll
0x00007ffb02240000 - 0x00007ffb02267000 	C:\WINDOWS\System32\bcrypt.dll
0x00007ffb042f0000 - 0x00007ffb0448d000 	C:\WINDOWS\System32\USER32.dll
0x00007ffb01df0000 - 0x00007ffb01e12000 	C:\WINDOWS\System32\win32u.dll
0x00007ffaf0dd0000 - 0x00007ffaf106a000 	C:\WINDOWS\WinSxS\amd64_microsoft.windows.common-controls_6595b64144ccf1df_6.0.19041.4355_none_60b8b9eb71f62e16\COMCTL32.dll
0x00007ffb041a0000 - 0x00007ffb041cb000 	C:\WINDOWS\System32\GDI32.dll
0x00007ffb01e20000 - 0x00007ffb01f37000 	C:\WINDOWS\System32\gdi32full.dll
0x00007ffb02270000 - 0x00007ffb0230d000 	C:\WINDOWS\System32\msvcp_win.dll
0x00007ffaf7cc0000 - 0x00007ffaf7cca000 	C:\WINDOWS\SYSTEM32\VERSION.dll
0x00007ffb03660000 - 0x00007ffb0368f000 	C:\WINDOWS\System32\IMM32.DLL
0x00007ffaf8550000 - 0x00007ffaf855c000 	C:\Program Files\Java\jdk-20\bin\vcruntime140_1.dll
0x00007ffa9db30000 - 0x00007ffa9dbbe000 	C:\Program Files\Java\jdk-20\bin\msvcp140.dll
0x00007ffa827a0000 - 0x00007ffa83438000 	C:\Program Files\Java\jdk-20\bin\server\jvm.dll
0x00007ffaeb8a0000 - 0x00007ffaeb8a9000 	C:\WINDOWS\SYSTEM32\WSOCK32.dll
0x00007ffaf06f0000 - 0x00007ffaf0717000 	C:\WINDOWS\SYSTEM32\WINMM.dll
0x00007ffb041d0000 - 0x00007ffb0423b000 	C:\WINDOWS\System32\WS2_32.dll
0x00007ffb00500000 - 0x00007ffb00512000 	C:\WINDOWS\SYSTEM32\kernel.appcore.dll
0x00007ffaf52a0000 - 0x00007ffaf52aa000 	C:\Program Files\Java\jdk-20\bin\jimage.dll
0x00007ffafc510000 - 0x00007ffafc6f4000 	C:\WINDOWS\SYSTEM32\DBGHELP.DLL
0x00007ffaf78f0000 - 0x00007ffaf7924000 	C:\WINDOWS\SYSTEM32\dbgcore.DLL
0x00007ffb020b0000 - 0x00007ffb02132000 	C:\WINDOWS\System32\bcryptPrimitives.dll
0x00007ffad2bd0000 - 0x00007ffad2bf6000 	C:\Program Files\Java\jdk-20\bin\java.dll
0x00007ffa9a720000 - 0x00007ffa9a7f7000 	C:\Program Files\Java\jdk-20\bin\jsvml.dll
0x00007ffb02cd0000 - 0x00007ffb0343d000 	C:\WINDOWS\System32\SHELL32.dll
0x00007ffaffcf0000 - 0x00007ffb00494000 	C:\WINDOWS\SYSTEM32\windows.storage.dll
0x00007ffb02740000 - 0x00007ffb02a93000 	C:\WINDOWS\System32\combase.dll
0x00007ffb016c0000 - 0x00007ffb016ee000 	C:\WINDOWS\SYSTEM32\Wldp.dll
0x00007ffb03510000 - 0x00007ffb035dd000 	C:\WINDOWS\System32\OLEAUT32.dll
0x00007ffb04490000 - 0x00007ffb0453d000 	C:\WINDOWS\System32\SHCORE.dll
0x00007ffb03440000 - 0x00007ffb03495000 	C:\WINDOWS\System32\shlwapi.dll
0x00007ffb01bc0000 - 0x00007ffb01be4000 	C:\WINDOWS\SYSTEM32\profapi.dll
0x00007ffadc3d0000 - 0x00007ffadc3e3000 	C:\Program Files\Java\jdk-20\bin\net.dll
0x00007ffaf8b60000 - 0x00007ffaf8c6d000 	C:\WINDOWS\SYSTEM32\WINHTTP.dll
0x00007ffb01420000 - 0x00007ffb0148a000 	C:\WINDOWS\system32\mswsock.dll
0x00007ffadb100000 - 0x00007ffadb116000 	C:\Program Files\Java\jdk-20\bin\nio.dll
0x00007ffad4ac0000 - 0x00007ffad4ad8000 	C:\Program Files\Java\jdk-20\bin\zip.dll
0x00007ffadc6a0000 - 0x00007ffadc6aa000 	C:\Program Files\Java\jdk-20\bin\management.dll
0x00007ffadc570000 - 0x00007ffadc57b000 	C:\Program Files\Java\jdk-20\bin\management_ext.dll
0x00007ffb04540000 - 0x00007ffb04548000 	C:\WINDOWS\System32\PSAPI.DLL
0x00007ffaeb740000 - 0x00007ffaeb750000 	C:\Program Files\Java\jdk-20\bin\verify.dll
0x00007ffb01620000 - 0x00007ffb01638000 	C:\WINDOWS\SYSTEM32\CRYPTSP.dll
0x00007ffb00c70000 - 0x00007ffb00ca4000 	C:\WINDOWS\system32\rsaenh.dll
0x00007ffb01b80000 - 0x00007ffb01bae000 	C:\WINDOWS\SYSTEM32\USERENV.dll
0x00007ffb01610000 - 0x00007ffb0161c000 	C:\WINDOWS\SYSTEM32\CRYPTBASE.dll
0x00007ffb01030000 - 0x00007ffb0106b000 	C:\WINDOWS\SYSTEM32\IPHLPAPI.DLL
0x00007ffb03500000 - 0x00007ffb03508000 	C:\WINDOWS\System32\NSI.dll
0x00007ffaf5fc0000 - 0x00007ffaf5fd7000 	C:\WINDOWS\SYSTEM32\dhcpcsvc6.DLL
0x00007ffaf6dc0000 - 0x00007ffaf6ddd000 	C:\WINDOWS\SYSTEM32\dhcpcsvc.DLL
0x00007ffb010d0000 - 0x00007ffb0119a000 	C:\WINDOWS\SYSTEM32\DNSAPI.dll
0x00007ffaea600000 - 0x00007ffaea617000 	C:\WINDOWS\system32\napinsp.dll
0x00007ffae94c0000 - 0x00007ffae94db000 	C:\WINDOWS\system32\pnrpnsp.dll
0x00007ffaf86a0000 - 0x00007ffaf86b5000 	C:\WINDOWS\system32\wshbth.dll
0x00007ffaf8380000 - 0x00007ffaf839d000 	C:\WINDOWS\system32\NLAapi.dll
0x00007ffae94a0000 - 0x00007ffae94b2000 	C:\WINDOWS\System32\winrnr.dll
0x0000000077f20000 - 0x0000000077f46000 	C:\Program Files\Bonjour\mdnsNSP.dll
0x00007ffaf5330000 - 0x00007ffaf533a000 	C:\Windows\System32\rasadhlp.dll
0x00007ffaf5a30000 - 0x00007ffaf5ab0000 	C:\WINDOWS\System32\fwpuclnt.dll
0x00007ffade2e0000 - 0x00007ffade2e7000 	C:\Program Files\Java\jdk-20\bin\extnet.dll

dbghelp: loaded successfully - version: 4.0.5 - missing functions: none
symbol engine: initialized successfully - sym options: 0x614 - pdb path: .;C:\Program Files\Java\jdk-20\bin;C:\WINDOWS\SYSTEM32;C:\WINDOWS\WinSxS\amd64_microsoft.windows.common-controls_6595b64144ccf1df_6.0.19041.4355_none_60b8b9eb71f62e16;C:\Program Files\Java\jdk-20\bin\server;C:\Program Files\Bonjour

VM Arguments:
java_command: C:\Users\SMILE\AppData\Local\Temp\surefire1581758370461097015\surefirebooter-20241226175245077_3.jar C:\Users\SMILE\AppData\Local\Temp\surefire1581758370461097015 2024-12-26T17-52-44_582-jvmRun1 surefire-20241226175245077_1tmp surefire_0-20241226175245077_2tmp
java_class_path (initial): C:\Users\SMILE\AppData\Local\Temp\surefire1581758370461097015\surefirebooter-20241226175245077_3.jar
Launcher Type: SUN_STANDARD

[Global flags]
     intx CICompilerCount                          = 4                                         {product} {ergonomic}
     uint ConcGCThreads                            = 2                                         {product} {ergonomic}
     uint G1ConcRefinementThreads                  = 8                                         {product} {ergonomic}
   size_t G1HeapRegionSize                         = 1048576                                   {product} {ergonomic}
    uintx GCDrainStackTargetSize                   = 64                                        {product} {ergonomic}
   size_t InitialHeapSize                          = 134217728                                 {product} {ergonomic}
   size_t MarkStackSize                            = 4194304                                   {product} {ergonomic}
   size_t MaxHeapSize                              = 2118123520                                {product} {ergonomic}
   size_t MaxNewSize                               = 1270874112                                {product} {ergonomic}
   size_t MinHeapDeltaBytes                        = 1048576                                   {product} {ergonomic}
   size_t MinHeapSize                              = 8388608                                   {product} {ergonomic}
    uintx NonNMethodCodeHeapSize                   = 5839372                                {pd product} {ergonomic}
    uintx NonProfiledCodeHeapSize                  = 122909434                              {pd product} {ergonomic}
    uintx ProfiledCodeHeapSize                     = 122909434                              {pd product} {ergonomic}
    uintx ReservedCodeCacheSize                    = 251658240                              {pd product} {ergonomic}
     bool SegmentedCodeCache                       = true                                      {product} {ergonomic}
   size_t SoftMaxHeapSize                          = 2118123520                             {manageable} {ergonomic}
     bool UseCompressedClassPointers               = true                           {product lp64_product} {ergonomic}
     bool UseCompressedOops                        = true                           {product lp64_product} {ergonomic}
     bool UseG1GC                                  = true                                      {product} {ergonomic}
     bool UseLargePagesIndividualAllocation        = false                                  {pd product} {ergonomic}

Logging:
Log output configuration:
 #0: stdout all=warning uptime,level,tags foldmultilines=false
 #1: stderr all=off uptime,level,tags foldmultilines=false

Environment Variables:
JAVA_HOME=C:\Program Files\Java\jdk-20
PATH=C:\Program Files\Common Files\Oracle\Java\javapath;C:\WINDOWS\system32;C:\WINDOWS;C:\WINDOWS\System32\Wbem;C:\WINDOWS\System32\WindowsPowerShell\v1.0\;C:\WINDOWS\System32\OpenSSH\;C:\Program Files (x86)\Intel\Intel(R) Management Engine Components\DAL;C:\Program Files\Intel\Intel(R) Management Engine Components\DAL;C:\Program Files (x86)\Intel\Intel(R) Management Engine Components\IPT;C:\Program Files\Intel\Intel(R) Management Engine Components\IPT;C:\Program Files\Intel\WiFi\bin\;C:\Program Files\Common Files\Intel\WirelessCommon\;C:\Program Files\Java\jdk-20\bin;C:\Program Files\Microsoft SQL Server\150\Tools\Binn\;C:\Program Files\Microsoft SQL Server\Client SDK\ODBC\170\Tools\Binn\;C:\Program Files\dotnet\;C:\Program Files\nodejs\;%MAVEN_HOME%\bin;C:\Program Files\Java\jdk-20\bin;C:\Program Files\Git\cmd;C:\Users\SMILE\AppData\Local\Microsoft\WindowsApps;C:\Users\SMILE\.dotnet\tools;C:\Users\SMILE\AppData\Local\Programs\Microsoft VS Code\bin;C:\Program Files\JetBrains\IntelliJ IDEA Community Edition 2023.2.1\bin;;C:\Users\SMILE\AppData\Roaming\npm
USERNAME=SMILE
OS=Windows_NT
PROCESSOR_IDENTIFIER=Intel64 Family 6 Model 142 Stepping 10, GenuineIntel
TMP=C:\Users\SMILE\AppData\Local\Temp
TEMP=C:\Users\SMILE\AppData\Local\Temp




---------------  S Y S T E M  ---------------

OS:
 Windows 10 , 64 bit Build 19041 (10.0.19041.5198)
OS uptime: 10 days 0:07 hours

CPU: total 8 (initial active 8) (4 cores per cpu, 2 threads per core) family 6 model 142 stepping 10 microcode 0xe0, cx8, cmov, fxsr, ht, mmx, 3dnowpref, sse, sse2, sse3, ssse3, sse4.1, sse4.2, popcnt, lzcnt, tsc, tscinvbit, avx, avx2, aes, erms, clmul, bmi1, bmi2, adx, fma, vzeroupper, clflush, clflushopt, rdtscp, f16c

Memory: 4k page, system-wide physical 8072M (268M free)
TotalPageFile size 32648M (AvailPageFile size 8M)
current process WorkingSet (physical memory assigned to process): 176M, peak: 180M
current process commit charge ("private bytes"): 256M, peak: 262M

vm_info: Java HotSpot(TM) 64-Bit Server VM (20.0.2+9-78) for windows-amd64 JRE (20.0.2+9-78), built on 2023-06-14T10:08:48Z by "mach5one" with MS VC++ 17.1 (VS2022)

END.
